2024-02-07 15:04:59,868 [INFO] Activator:176 - 


2024-02-07 15:04:59,870 [INFO] Activator:177 - !SESSION log4j initialized
2024-02-07 15:05:01,487 [INFO] LogOutputStream:77 - [STDOUT_REDIRECT] 
2024-02-07 15:05:03,085 [INFO] ApplicationProperties:184 - Using Application install path: /opt/stm32cubeide/plugins/com.st.stm32cube.common.mx_6.10.0.202311202037
2024-02-07 15:05:03,097 [INFO] DbMcusXml:78 - Set database path to: /opt/stm32cubeide/plugins/com.st.stm32cube.common.mx_6.10.0.202311202037//db//mcu/
2024-02-07 15:05:03,098 [INFO] ApiDb:274 - Set plugin database path to: /opt/stm32cubeide/plugins/com.st.stm32cube.common.mx_6.10.0.202311202037//db//plugins/boardmanager/
2024-02-07 15:05:03,098 [WARN] ApiDb:259 - Overriding images path with different value:  => /opt/stm32cubeide/plugins/com.st.stm32cube.common.mx_6.10.0.202311202037//db//plugins/mcufinder/images/
2024-02-07 15:05:03,100 [INFO] ApiDb:250 - Set database path to: /home/patrick/.stmcufinder/plugins/mcufinder//mcu/
2024-02-07 15:05:03,101 [INFO] DbMcusAds:125 - Set database path to: /home/patrick/.stmcufinder/plugins/mcufinder//mcu/
2024-02-07 15:05:03,102 [INFO] CrossReferenceDbSqlite:203 - Set database path to: /home/patrick/.stmcufinder/plugins/mcufinder//mcu/cs/
2024-02-07 15:05:03,182 [INFO] RulesReader:64 - Compatibility file has been processed (297 Rules)
2024-02-07 15:05:03,230 [INFO] DbMcusXml:78 - Set database path to: /opt/stm32cubeide/plugins/com.st.stm32cube.common.mx_6.10.0.202311202037//db//mcu/
2024-02-07 15:05:03,230 [INFO] ApiDb:274 - Set plugin database path to: /opt/stm32cubeide/plugins/com.st.stm32cube.common.mx_6.10.0.202311202037//db//plugins/boardmanager/
2024-02-07 15:05:03,230 [INFO] ApiDb:261 - Set plugin images path to: /opt/stm32cubeide/plugins/com.st.stm32cube.common.mx_6.10.0.202311202037//db//plugins/mcufinder/images/
2024-02-07 15:05:03,230 [WARN] DbFile:41 - Overriding database path with different value: /home/patrick/.stmcufinder/plugins/mcufinder/ => /home/patrick/.stmcufinder/plugins/mcufinder
2024-02-07 15:05:03,230 [INFO] ApiDb:250 - Set database path to: /home/patrick/.stmcufinder/plugins/mcufinder//mcu/
2024-02-07 15:05:03,230 [WARN] DbFile:41 - Overriding database path with different value: /home/patrick/.stmcufinder/plugins/mcufinder/ => /home/patrick/.stmcufinder/plugins/mcufinder
2024-02-07 15:05:03,231 [INFO] DbMcusAds:125 - Set database path to: /home/patrick/.stmcufinder/plugins/mcufinder//mcu/
2024-02-07 15:05:03,231 [WARN] DbFile:41 - Overriding database path with different value: /home/patrick/.stmcufinder/plugins/mcufinder/ => /home/patrick/.stmcufinder/plugins/mcufinder
2024-02-07 15:05:03,231 [WARN] DbFile:41 - Overriding database path with different value: /home/patrick/.stmcufinder/plugins/mcufinder/ => /home/patrick/.stmcufinder/plugins/mcufinder
2024-02-07 15:05:03,231 [INFO] CrossReferenceDbSqlite:203 - Set database path to: /home/patrick/.stmcufinder/plugins/mcufinder//mcu/cs/
2024-02-07 15:05:03,284 [INFO] MainPanel:264 - HeapMemory: 268435456
2024-02-07 15:05:03,335 [INFO] DbMcusXml:78 - Set database path to: /opt/stm32cubeide/plugins/com.st.stm32cube.common.mx_6.10.0.202311202037//db//mcu/
2024-02-07 15:05:03,336 [INFO] ApiDb:274 - Set plugin database path to: /opt/stm32cubeide/plugins/com.st.stm32cube.common.mx_6.10.0.202311202037//db//plugins/boardmanager/
2024-02-07 15:05:03,336 [INFO] ApiDb:261 - Set plugin images path to: /opt/stm32cubeide/plugins/com.st.stm32cube.common.mx_6.10.0.202311202037//db//plugins/mcufinder/images/
2024-02-07 15:05:03,336 [WARN] DbFile:41 - Overriding database path with different value: /home/patrick/.stmcufinder/plugins/mcufinder/ => /home/patrick/.stmcufinder/plugins/mcufinder
2024-02-07 15:05:03,336 [INFO] ApiDb:250 - Set database path to: /home/patrick/.stmcufinder/plugins/mcufinder//mcu/
2024-02-07 15:05:03,336 [WARN] DbFile:41 - Overriding database path with different value: /home/patrick/.stmcufinder/plugins/mcufinder/ => /home/patrick/.stmcufinder/plugins/mcufinder
2024-02-07 15:05:03,336 [INFO] DbMcusAds:125 - Set database path to: /home/patrick/.stmcufinder/plugins/mcufinder//mcu/
2024-02-07 15:05:03,336 [WARN] DbFile:41 - Overriding database path with different value: /home/patrick/.stmcufinder/plugins/mcufinder/ => /home/patrick/.stmcufinder/plugins/mcufinder
2024-02-07 15:05:03,336 [WARN] DbFile:41 - Overriding database path with different value: /home/patrick/.stmcufinder/plugins/mcufinder/ => /home/patrick/.stmcufinder/plugins/mcufinder
2024-02-07 15:05:03,336 [INFO] CrossReferenceDbSqlite:203 - Set database path to: /home/patrick/.stmcufinder/plugins/mcufinder//mcu/cs/
2024-02-07 15:05:03,347 [INFO] ApplicationProperties:184 - Using Application install path: /opt/stm32cubeide/plugins/com.st.stm32cube.common.mx_6.10.0.202311202037
2024-02-07 15:05:03,349 [INFO] PluginManage:196 - Search for loadable plugins [exclusion list=, ]
2024-02-07 15:05:03,350 [INFO] PluginManage:310 - Check plugin analytics
2024-02-07 15:05:03,460 [INFO] AnalyticsPlugin:253 - Accepted Software Licenses: 
2024-02-07 15:05:03,460 [INFO] AnalyticsPlugin:255 - Accepted CMSIS Pack Licenses: 
2024-02-07 15:05:03,460 [INFO] AnalyticsPlugin:257 - Accepted Firmware Licenses: FW.F4.1.28.0
2024-02-07 15:05:03,462 [INFO] PluginManage:359 - Loaded plugin analytics (category:tool,tabindex:-1)
2024-02-07 15:05:03,462 [INFO] PluginManage:310 - Check plugin cadmodel
2024-02-07 15:05:03,480 [INFO] CADModel:105 - Init CAD model plugin
2024-02-07 15:05:03,480 [INFO] PluginManage:359 - Loaded plugin cadmodel (category:power,tabindex:5)
2024-02-07 15:05:03,480 [INFO] PluginManage:310 - Check plugin clock
2024-02-07 15:05:03,488 [INFO] PluginManage:359 - Loaded plugin clock (category:base,tabindex:2)
2024-02-07 15:05:03,489 [INFO] PluginManage:310 - Check plugin ddr
2024-02-07 15:05:03,490 [INFO] PluginManage:359 - Loaded plugin ddr (category:tool,tabindex:6)
2024-02-07 15:05:03,490 [INFO] PluginManage:310 - Check plugin filemanager
2024-02-07 15:05:03,604 [INFO] PluginManage:359 - Loaded plugin filemanager (category:base,tabindex:10)
2024-02-07 15:05:03,604 [INFO] PluginManage:310 - Check plugin ipmanager
2024-02-07 15:05:03,609 [INFO] PluginManage:359 - Loaded plugin ipmanager (category:base,tabindex:5)
2024-02-07 15:05:03,609 [INFO] PluginManage:310 - Check plugin lpbam
2024-02-07 15:05:03,658 [INFO] PluginManage:359 - Loaded plugin lpbam (category:base,tabindex:0)
2024-02-07 15:05:03,658 [INFO] PluginManage:310 - Check plugin memorymap
2024-02-07 15:05:03,669 [INFO] PluginManage:359 - Loaded plugin memorymap (category:base,tabindex:4)
2024-02-07 15:05:03,669 [INFO] PluginManage:310 - Check plugin pinoutandconfiguration
2024-02-07 15:05:03,679 [INFO] PluginManage:359 - Loaded plugin pinoutandconfiguration (category:base,tabindex:1)
2024-02-07 15:05:03,679 [INFO] PluginManage:310 - Check plugin pinoutconfig
2024-02-07 15:05:03,753 [WARN] SupportedApi:132 - Cannot load RTOS API schema: s4s-elt-must-match.1: The content of 'definitions' must match (annotation?, (simpleType | complexType)?, (unique | key | keyref)*)). A problem was found starting at: attribute.
2024-02-07 15:05:03,863 [INFO] PluginManage:359 - Loaded plugin pinoutconfig (category:base,tabindex:0)
2024-02-07 15:05:03,863 [INFO] PluginManage:310 - Check plugin power
2024-02-07 15:05:03,870 [INFO] PluginManage:359 - Loaded plugin power (category:power,tabindex:4)
2024-02-07 15:05:03,870 [INFO] PluginManage:310 - Check plugin projectmanager
2024-02-07 15:05:03,885 [INFO] PluginManage:359 - Loaded plugin projectmanager (category:projectmanager,tabindex:3)
2024-02-07 15:05:03,886 [INFO] PluginManage:310 - Check plugin thirdparty
2024-02-07 15:05:03,981 [INFO] PluginManage:359 - Loaded plugin thirdparty (category:base,tabindex:-1)
2024-02-07 15:05:03,981 [WARN] IntegrityCheckThread:84 - waiting for thirdparty lock release [integrity check]
2024-02-07 15:05:03,981 [INFO] IntegrityCheckThread:86 - entering critical section [integrity check]
2024-02-07 15:05:03,981 [INFO] PluginManage:310 - Check plugin tools
2024-02-07 15:05:03,981 [INFO] ThirdPartyUpdaterWithRetryManager:70 - Updater plugin not ready yet. [1/15]
2024-02-07 15:05:03,982 [INFO] PluginManage:359 - Loaded plugin tools (category:base,tabindex:7)
2024-02-07 15:05:03,983 [INFO] PluginManage:310 - Check plugin tutovideos
2024-02-07 15:05:04,113 [INFO] PluginManage:359 - Loaded plugin tutovideos (category:base,tabindex:-1)
2024-02-07 15:05:04,113 [INFO] PluginManage:310 - Check plugin updater
2024-02-07 15:05:04,121 [INFO] PluginManage:359 - Loaded plugin updater (category:base,tabindex:12)
2024-02-07 15:05:04,121 [INFO] PluginManage:310 - Check plugin userauth
2024-02-07 15:05:04,124 [INFO] UserAuth:114 - Init User Auth plugin
2024-02-07 15:05:04,124 [INFO] PluginManage:359 - Loaded plugin userauth (category:base,tabindex:14)
2024-02-07 15:05:04,125 [INFO] PluginManage:283 - PluginManage : Loaded plugins [17]
2024-02-07 15:05:04,268 [INFO] PinOutPanel:1499 - setPackage(No Configuration,No Configuration)
2024-02-07 15:05:04,319 [INFO] CADModel:165 - CPN selected for project level
2024-02-07 15:05:04,319 [INFO] CADModel:114 - Register for checkConnection events
2024-02-07 15:05:04,335 [INFO] IPUIPlugin:80 - create IPUIPlugin
2024-02-07 15:05:04,335 [INFO] PluginManager:220 - loadIPPluginJar : add adc
2024-02-07 15:05:04,338 [INFO] IPUIPlugin:80 - create IPUIPlugin
2024-02-07 15:05:04,338 [INFO] PluginManager:220 - loadIPPluginJar : add aes
2024-02-07 15:05:04,339 [INFO] IPUIPlugin:80 - create IPUIPlugin
2024-02-07 15:05:04,340 [INFO] PluginManager:220 - loadIPPluginJar : add can
2024-02-07 15:05:04,341 [INFO] IPUIPlugin:80 - create IPUIPlugin
2024-02-07 15:05:04,341 [INFO] PluginManager:220 - loadIPPluginJar : add comp
2024-02-07 15:05:04,343 [INFO] IPUIPlugin:80 - create IPUIPlugin
2024-02-07 15:05:04,343 [INFO] PluginManager:220 - loadIPPluginJar : add cryp
2024-02-07 15:05:04,345 [INFO] IPUIPlugin:80 - create IPUIPlugin
2024-02-07 15:05:04,345 [INFO] PluginManager:220 - loadIPPluginJar : add dfsdm
2024-02-07 15:05:04,350 [INFO] IPUIPlugin:80 - create IPUIPlugin
2024-02-07 15:05:04,351 [INFO] PluginManager:220 - loadIPPluginJar : add dma
2024-02-07 15:05:04,352 [INFO] IPUIPlugin:80 - create IPUIPlugin
2024-02-07 15:05:04,353 [INFO] PluginManager:220 - loadIPPluginJar : add dma3
2024-02-07 15:05:04,354 [INFO] IPUIPlugin:80 - create IPUIPlugin
2024-02-07 15:05:04,354 [INFO] PluginManager:220 - loadIPPluginJar : add fatfs
2024-02-07 15:05:04,358 [INFO] IPUIPlugin:80 - create IPUIPlugin
2024-02-07 15:05:04,358 [INFO] PluginManager:220 - loadIPPluginJar : add fmc
2024-02-07 15:05:04,363 [INFO] IPUIPlugin:80 - create IPUIPlugin
2024-02-07 15:05:04,364 [INFO] PluginManager:220 - loadIPPluginJar : add freertos
2024-02-07 15:05:04,365 [INFO] IPUIPlugin:80 - create IPUIPlugin
2024-02-07 15:05:04,365 [INFO] PluginManager:220 - loadIPPluginJar : add genericplugin
2024-02-07 15:05:04,367 [INFO] IPUIPlugin:80 - create IPUIPlugin
2024-02-07 15:05:04,367 [INFO] PluginManager:220 - loadIPPluginJar : add gfxmmu
2024-02-07 15:05:04,371 [INFO] IPUIPlugin:80 - create IPUIPlugin
2024-02-07 15:05:04,371 [INFO] PluginManager:220 - loadIPPluginJar : add gic
2024-02-07 15:05:04,375 [INFO] IPUIPlugin:80 - create IPUIPlugin
2024-02-07 15:05:04,375 [INFO] PluginManager:220 - loadIPPluginJar : add gpio
2024-02-07 15:05:04,377 [INFO] IPUIPlugin:80 - create IPUIPlugin
2024-02-07 15:05:04,377 [INFO] PluginManager:220 - loadIPPluginJar : add gtzc
2024-02-07 15:05:04,379 [INFO] IPUIPlugin:80 - create IPUIPlugin
2024-02-07 15:05:04,380 [INFO] PluginManager:220 - loadIPPluginJar : add hash
2024-02-07 15:05:04,381 [INFO] IPUIPlugin:80 - create IPUIPlugin
2024-02-07 15:05:04,381 [INFO] PluginManager:220 - loadIPPluginJar : add i2c
2024-02-07 15:05:04,382 [INFO] IPUIPlugin:80 - create IPUIPlugin
2024-02-07 15:05:04,383 [INFO] PluginManager:220 - loadIPPluginJar : add i2s
2024-02-07 15:05:04,384 [INFO] IPUIPlugin:80 - create IPUIPlugin
2024-02-07 15:05:04,385 [INFO] PluginManager:220 - loadIPPluginJar : add i3c
2024-02-07 15:05:04,387 [INFO] IPUIPlugin:80 - create IPUIPlugin
2024-02-07 15:05:04,387 [INFO] PluginManager:220 - loadIPPluginJar : add ipddr
2024-02-07 15:05:04,393 [INFO] IPUIPlugin:80 - create IPUIPlugin
2024-02-07 15:05:04,394 [INFO] PluginManager:220 - loadIPPluginJar : add linkedlist
2024-02-07 15:05:04,395 [INFO] IPUIPlugin:80 - create IPUIPlugin
2024-02-07 15:05:04,396 [INFO] PluginManager:220 - loadIPPluginJar : add lorawan
2024-02-07 15:05:04,397 [INFO] IPUIPlugin:80 - create IPUIPlugin
2024-02-07 15:05:04,398 [INFO] PluginManager:220 - loadIPPluginJar : add ltdc
2024-02-07 15:05:04,402 [INFO] IPUIPlugin:80 - create IPUIPlugin
2024-02-07 15:05:04,403 [INFO] PluginManager:220 - loadIPPluginJar : add mdma
2024-02-07 15:05:04,406 [INFO] IPUIPlugin:80 - create IPUIPlugin
2024-02-07 15:05:04,406 [INFO] PluginManager:220 - loadIPPluginJar : add nvic
2024-02-07 15:05:04,409 [INFO] IPUIPlugin:80 - create IPUIPlugin
2024-02-07 15:05:04,409 [INFO] PluginManager:220 - loadIPPluginJar : add opamp
2024-02-07 15:05:04,412 [INFO] IPUIPlugin:80 - create IPUIPlugin
2024-02-07 15:05:04,412 [INFO] PluginManager:220 - loadIPPluginJar : add openamp
2024-02-07 15:05:04,414 [INFO] IPUIPlugin:80 - create IPUIPlugin
2024-02-07 15:05:04,414 [INFO] PluginManager:220 - loadIPPluginJar : add pdm2pcm
2024-02-07 15:05:04,419 [INFO] IPUIPlugin:80 - create IPUIPlugin
2024-02-07 15:05:04,422 [INFO] PluginManager:220 - loadIPPluginJar : add plateformsettings
2024-02-07 15:05:04,423 [INFO] IPUIPlugin:80 - create IPUIPlugin
2024-02-07 15:05:04,423 [INFO] PluginManager:220 - loadIPPluginJar : add quadspi
2024-02-07 15:05:04,425 [INFO] IPUIPlugin:80 - create IPUIPlugin
2024-02-07 15:05:04,425 [INFO] PluginManager:220 - loadIPPluginJar : add resmgrutility
2024-02-07 15:05:04,428 [INFO] IPUIPlugin:80 - create IPUIPlugin
2024-02-07 15:05:04,428 [INFO] PluginManager:220 - loadIPPluginJar : add sai
2024-02-07 15:05:04,429 [INFO] IPUIPlugin:80 - create IPUIPlugin
2024-02-07 15:05:04,429 [INFO] PluginManager:220 - loadIPPluginJar : add spi
2024-02-07 15:05:04,433 [INFO] IPUIPlugin:80 - create IPUIPlugin
2024-02-07 15:05:04,433 [INFO] PluginManager:220 - loadIPPluginJar : add stm32_wpan
2024-02-07 15:05:04,435 [INFO] IPUIPlugin:80 - create IPUIPlugin
2024-02-07 15:05:04,435 [INFO] PluginManager:220 - loadIPPluginJar : add tim
2024-02-07 15:05:04,437 [INFO] IPUIPlugin:80 - create IPUIPlugin
2024-02-07 15:05:04,437 [INFO] PluginManager:220 - loadIPPluginJar : add touchsensing
2024-02-07 15:05:04,438 [INFO] IPUIPlugin:80 - create IPUIPlugin
2024-02-07 15:05:04,438 [INFO] PluginManager:220 - loadIPPluginJar : add tracer_emb
2024-02-07 15:05:04,440 [INFO] IPUIPlugin:80 - create IPUIPlugin
2024-02-07 15:05:04,440 [INFO] PluginManager:220 - loadIPPluginJar : add ts
2024-02-07 15:05:04,441 [INFO] IPUIPlugin:80 - create IPUIPlugin
2024-02-07 15:05:04,441 [INFO] PluginManager:220 - loadIPPluginJar : add tsc
2024-02-07 15:05:04,442 [INFO] IPUIPlugin:80 - create IPUIPlugin
2024-02-07 15:05:04,442 [INFO] PluginManager:220 - loadIPPluginJar : add ucpd
2024-02-07 15:05:04,443 [INFO] IPUIPlugin:80 - create IPUIPlugin
2024-02-07 15:05:04,443 [INFO] PluginManager:220 - loadIPPluginJar : add usart
2024-02-07 15:05:04,446 [INFO] IPUIPlugin:80 - create IPUIPlugin
2024-02-07 15:05:04,446 [INFO] PluginManager:220 - loadIPPluginJar : add usbx
2024-02-07 15:05:04,544 [INFO] CADModel:165 - CPN selected for project level
2024-02-07 15:05:04,544 [INFO] CADModel:114 - Register for checkConnection events
2024-02-07 15:05:04,544 [FATAL] Updater:308 - Updater called before beeing initialized
2024-02-07 15:05:04,544 [ERROR] CADModel:125 - Updater not yet initialized, retry later 
2024-02-07 15:05:04,634 [INFO] CADModel:165 - CPN selected for project level
2024-02-07 15:05:04,634 [INFO] CADModel:114 - Register for checkConnection events
2024-02-07 15:05:04,635 [FATAL] Updater:308 - Updater called before beeing initialized
2024-02-07 15:05:04,635 [ERROR] CADModel:125 - Updater not yet initialized, retry later 
2024-02-07 15:05:04,637 [FATAL] Updater:308 - Updater called before beeing initialized
2024-02-07 15:05:04,707 [FATAL] Updater:308 - Updater called before beeing initialized
2024-02-07 15:05:04,710 [INFO] DbMcusAds:53 - JSON generation date=Wed Nov 29 17:52:27 ICT 2023 (1701255147200)
2024-02-07 15:05:04,711 [FATAL] Updater:308 - Updater called before beeing initialized
2024-02-07 15:05:04,740 [WARN] DetailPanel:346 - Failed to get advertising image, set to default
2024-02-07 15:05:04,816 [FATAL] Updater:308 - Updater called before beeing initialized
2024-02-07 15:05:04,817 [FATAL] Updater:308 - Updater called before beeing initialized
2024-02-07 15:05:04,817 [FATAL] Updater:308 - Updater called before beeing initialized
2024-02-07 15:05:04,817 [WARN] DetailPanel:346 - Failed to get advertising image, set to default
2024-02-07 15:05:04,818 [FATAL] Updater:308 - Updater called before beeing initialized
2024-02-07 15:05:04,848 [ERROR] Updater:1120 - MainUpdater not yet initialized. External WinMGr cannot be set.
2024-02-07 15:05:04,850 [INFO] Updater:1056 - Updater Version found : 6.10.0
2024-02-07 15:05:04,865 [INFO] ApplicationProperties:184 - Using Application install path: /opt/stm32cubeide/plugins/com.st.stm32cube.common.mx_6.10.0.202311202037
2024-02-07 15:05:04,877 [ERROR] LogOutputStream:75 - [STDERR_REDIRECT] Feb 07, 2024 3:05:04 PM java.util.prefs.FileSystemPreferences$2 run
2024-02-07 15:05:04,877 [ERROR] LogOutputStream:75 - [STDERR_REDIRECT] WARNING: Could not create system preferences directory. System preferences are unusable.
2024-02-07 15:05:04,878 [ERROR] LogOutputStream:75 - [STDERR_REDIRECT] 
2024-02-07 15:05:05,307 [INFO] MainUpdater:2873 - connection check result : 10
2024-02-07 15:05:05,308 [INFO] MainUpdater:290 - Updater Check For Update Now.
2024-02-07 15:05:05,308 [INFO] MicroXplorer:498 - Change Database Version : DB.6.0.100
2024-02-07 15:05:05,313 [INFO] McuFinderGlobals:63 - Set McuFinder mode to 2 (CubeIDE integrated)
2024-02-07 15:05:05,477 [INFO] CheckServerUpdateThread:120 - End of CheckServer Thread
2024-02-07 15:05:05,527 [INFO] UserAuth:404 - Internet connection configuration mode: 1
2024-02-07 15:05:05,534 [INFO] JxBrowserEngine:152 - Initiate JxBrowser Engine with user profile folder
2024-02-07 15:05:05,979 [INFO] WebApp:161 - Instantiating new browser for Auth
2024-02-07 15:05:06,345 [INFO] WebApp:780 - Register for checkConnection events
2024-02-07 15:05:06,346 [INFO] WebApp:414 - Apply proxy settings
2024-02-07 15:05:06,346 [INFO] WebApp:499 - Chromium requires no authentication
2024-02-07 15:05:06,350 [INFO] WebApp:442 - Direct internet connection detected
2024-02-07 15:05:06,438 [INFO] WebApp:192 - Starting web application
2024-02-07 15:05:06,438 [INFO] WebApp:544 - Web application path used /opt/stm32cubeide/plugins/com.st.stm32cube.common.mx_6.10.0.202311202037/db/plugins/mcufinder/reactClient1/index.html
2024-02-07 15:05:07,055 [WARN] PackLoader:240 - Cannot read IP mode file for STMicroelectronics.X-CUBE-SMBUS.2.1.0
2024-02-07 15:05:07,061 [WARN] PackLoader:240 - Cannot read IP mode file for STMicroelectronics.X-CUBE-TOUCHGFX.4.23.0
2024-02-07 15:05:07,083 [WARN] PackLoader:240 - Cannot read IP mode file for STMicroelectronics.X-CUBE-AZRTOS-F7.1.1.0
2024-02-07 15:05:07,096 [WARN] PackLoader:240 - Cannot read IP mode file for STMicroelectronics.FP-SNS-MOTENV1.4.3.2
2024-02-07 15:05:07,105 [WARN] PackLoader:240 - Cannot read IP mode file for STMicroelectronics.FP-SNS-FLIGHT1.5.0.2
2024-02-07 15:05:07,117 [WARN] PackLoader:240 - Cannot read IP mode file for STMicroelectronics.X-CUBE-DISPLAY.3.0.0
2024-02-07 15:05:07,137 [WARN] PackLoader:240 - Cannot read IP mode file for STMicroelectronics.X-CUBE-BLE1.7.0.0
2024-02-07 15:05:07,145 [WARN] PackLoader:240 - Cannot read IP mode file for emotas.I-CUBE-CANOPEN.1.3.0
2024-02-07 15:05:07,151 [WARN] PackLoader:240 - Cannot read IP mode file for STMicroelectronics.FP-SNS-SMARTAG2.1.2.0
2024-02-07 15:05:07,166 [INFO] LogOutputStream:77 - [STDOUT_REDIRECT] 1 : Invalid condition id : UX_CORESTACK_Condition cause : null
2024-02-07 15:05:07,167 [INFO] LogOutputStream:77 - [STDOUT_REDIRECT] 1 : Invalid condition id : UX_CORESTACK_Condition cause : null
2024-02-07 15:05:07,167 [INFO] LogOutputStream:77 - [STDOUT_REDIRECT] 1 : Invalid condition id : UX_CORESTACK_Condition cause : null
2024-02-07 15:05:07,168 [INFO] LogOutputStream:77 - [STDOUT_REDIRECT] 1 : Invalid condition id : UX_CORESTACK_Condition cause : null
2024-02-07 15:05:07,168 [INFO] LogOutputStream:77 - [STDOUT_REDIRECT] 1 : Invalid condition id : UX_CORESTACK_Condition cause : null
2024-02-07 15:05:07,176 [WARN] PackLoader:240 - Cannot read IP mode file for STMicroelectronics.X-CUBE-AZRTOS-WL.2.0.0
2024-02-07 15:05:07,187 [WARN] PackLoader:240 - Cannot read IP mode file for WES.I-CUBE-Cesium.1.3.0
2024-02-07 15:05:07,194 [WARN] PackLoader:240 - Cannot read IP mode file for STMicroelectronics.X-CUBE-BLE2.3.3.0
2024-02-07 15:05:07,203 [WARN] PackLoader:240 - Cannot read IP mode file for STMicroelectronics.X-CUBE-ALGOBUILD.1.3.0
2024-02-07 15:05:07,224 [WARN] PackLoader:240 - Cannot read IP mode file for STMicroelectronics.X-CUBE-AZRTOS-G0.1.1.0
2024-02-07 15:05:07,234 [WARN] PackLoader:240 - Cannot read IP mode file for STMicroelectronics.X-CUBE-NFC4.3.0.0
2024-02-07 15:05:07,246 [WARN] PackLoader:240 - Cannot read IP mode file for STMicroelectronics.X-CUBE-BLEMGR.3.0.0
2024-02-07 15:05:07,255 [WARN] PackLoader:240 - Cannot read IP mode file for STMicroelectronics.FP-ATR-SIGFOX1.3.2.0
2024-02-07 15:05:07,261 [WARN] PackLoader:240 - Cannot read IP mode file for STMicroelectronics.X-CUBE-EEPRMA1.5.1.0
2024-02-07 15:05:07,286 [WARN] PackLoader:240 - Cannot read IP mode file for SEGGER.I-CUBE-embOS.1.3.1
2024-02-07 15:05:07,360 [WARN] PackLoader:240 - Cannot read IP mode file for STMicroelectronics.X-CUBE-GNSS1.6.0.0
2024-02-07 15:05:07,375 [WARN] PackLoader:240 - Cannot read IP mode file for STMicroelectronics.X-CUBE-AZRTOS-F4.1.1.0
2024-02-07 15:05:07,381 [WARN] PackLoader:240 - Cannot read IP mode file for wolfSSL.I-CUBE-wolfSSL.5.6.6
2024-02-07 15:05:07,392 [WARN] PackLoader:240 - Cannot read IP mode file for STMicroelectronics.X-CUBE-AZRTOS-L5.2.0.0
2024-02-07 15:05:07,399 [WARN] PackLoader:240 - Cannot read IP mode file for STMicroelectronics.X-CUBE-EEPRMA1.4.2.0
2024-02-07 15:05:07,404 [WARN] PackLoader:240 - Cannot read IP mode file for ITTIA_DB.I-CUBE-ITTIADB.8.8.0
2024-02-07 15:05:07,409 [WARN] PackLoader:240 - Cannot read IP mode file for STMicroelectronics.X-CUBE-NFC7.1.0.1
2024-02-07 15:05:07,416 [WARN] PackLoader:240 - Cannot read IP mode file for STMicroelectronics.X-CUBE-NFC6.3.0.0
2024-02-07 15:05:07,422 [WARN] PackLoader:240 - Cannot read IP mode file for STMicroelectronics.X-CUBE-AI.8.1.0
2024-02-07 15:05:07,434 [WARN] ConditionMgr:438 - getConditionDescription Invalid condition id : LAN8742 Phy interface Condition cause : null
2024-02-07 15:05:07,435 [WARN] PackLoader:240 - Cannot read IP mode file for STMicroelectronics.X-CUBE-AZRTOS-L4.2.0.0
2024-02-07 15:05:07,436 [WARN] ConditionMgr:1039 - genDependencies : Invalid condition id : LAN8742 Phy interface Condition cause : null
2024-02-07 15:05:07,436 [WARN] ConditionMgr:1039 - genDependencies : Invalid condition id : LAN8742 Phy interface Condition cause : null
2024-02-07 15:05:07,437 [WARN] ConditionMgr:1039 - genDependencies : Invalid condition id : LAN8742 Phy interface Condition cause : null
2024-02-07 15:05:07,443 [WARN] PackLoader:240 - Cannot read IP mode file for STMicroelectronics.X-CUBE-SFXS2LP1.4.0.0
2024-02-07 15:05:07,454 [WARN] ConditionMgr:438 - getConditionDescription Invalid condition id : UX DEVICE CLASS RTOS Condition cause : null
2024-02-07 15:05:07,454 [WARN] ConditionMgr:438 - getConditionDescription Invalid condition id : UX DEVICE CLASS RTOS Condition cause : null
2024-02-07 15:05:07,456 [WARN] PackLoader:240 - Cannot read IP mode file for STMicroelectronics.X-CUBE-AZRTOS-WB.2.0.0
2024-02-07 15:05:07,457 [WARN] ConditionMgr:1039 - genDependencies : Invalid condition id : UX DEVICE CLASS RTOS Condition cause : null
2024-02-07 15:05:07,457 [WARN] ConditionMgr:1039 - genDependencies : Invalid condition id : UX DEVICE CLASS RTOS Condition cause : null
2024-02-07 15:05:07,459 [WARN] ConditionMgr:1039 - genDependencies : Invalid condition id : UX DEVICE CLASS RTOS Condition cause : null
2024-02-07 15:05:07,459 [WARN] ConditionMgr:1039 - genDependencies : Invalid condition id : UX DEVICE CLASS RTOS Condition cause : null
2024-02-07 15:05:07,460 [WARN] ConditionMgr:1039 - genDependencies : Invalid condition id : UX DEVICE CLASS RTOS Condition cause : null
2024-02-07 15:05:07,470 [WARN] PackLoader:240 - Cannot read IP mode file for STMicroelectronics.X-CUBE-SUBG2.5.0.0
2024-02-07 15:05:07,490 [WARN] PackLoader:240 - Cannot read IP mode file for STMicroelectronics.X-CUBE-AZRTOS-G4.2.0.0
2024-02-07 15:05:07,500 [WARN] PackLoader:240 - Cannot read IP mode file for Infineon.AIROC-Wi-Fi-Bluetooth-STM32.1.5.1
2024-02-07 15:05:07,509 [WARN] PackLoader:240 - Cannot read IP mode file for STMicroelectronics.FP-SNS-MOTENVWB1.1.3.1
2024-02-07 15:05:07,513 [WARN] PackLoader:240 - Cannot read IP mode file for STMicroelectronics.X-CUBE-ISPU.2.0.0
2024-02-07 15:05:07,560 [WARN] PackLoader:240 - Cannot read IP mode file for STMicroelectronics.X-CUBE-MEMS1.10.0.0
2024-02-07 15:05:07,720 [WARN] PackLoader:240 - Cannot read IP mode file for STMicroelectronics.X-CUBE-FREERTOS.1.1.0
2024-02-07 15:05:07,726 [WARN] PackLoader:240 - Cannot read IP mode file for portGmbH.I-Cube-SoM-uGOAL.1.1.0
2024-02-07 15:05:07,731 [WARN] PackLoader:240 - Cannot read IP mode file for STMicroelectronics.X-CUBE-ALS.1.0.1
2024-02-07 15:05:07,736 [WARN] PackLoader:240 - Cannot read IP mode file for STMicroelectronics.FP-ATR-ASTRA1.2.0.0
2024-02-07 15:05:07,747 [WARN] PackLoader:240 - Cannot read IP mode file for STMicroelectronics.X-CUBE-TOF1.3.4.0
2024-02-07 15:05:07,786 [WARN] PackLoader:240 - Cannot read IP mode file for STMicroelectronics.X-CUBE-AZRTOS-H7.3.2.0
2024-02-07 15:05:07,792 [INFO] ThirdParty:978 - Integrity check success = true
2024-02-07 15:05:07,793 [INFO] IntegrityCheckThread:100 - exiting critical section [integrity check]
2024-02-07 15:05:07,793 [INFO] IntegrityCheckThread:103 - End integrity checks thread
2024-02-07 15:05:26,762 [ERROR] LogOutputStream:75 - [STDERR_REDIRECT] SLF4J: Failed to load class "org.slf4j.impl.StaticLoggerBinder".
2024-02-07 15:05:26,762 [ERROR] LogOutputStream:75 - [STDERR_REDIRECT] SLF4J: Defaulting to no-operation (NOP) logger implementation
2024-02-07 15:05:26,762 [ERROR] LogOutputStream:75 - [STDERR_REDIRECT] SLF4J: See http://www.slf4j.org/codes.html#StaticLoggerBinder for further details.
2024-02-07 15:05:31,148 [ERROR] LogOutputStream:75 - [STDERR_REDIRECT] Feb 07, 2024 3:05:31 PM java.util.prefs.FileSystemPreferences checkLockFile0ErrorCode
2024-02-07 15:05:31,148 [ERROR] LogOutputStream:75 - [STDERR_REDIRECT] WARNING: Could not lock System prefs. Unix error code 32506.
2024-02-07 15:05:31,149 [ERROR] LogOutputStream:75 - [STDERR_REDIRECT] 
2024-02-07 15:05:31,149 [ERROR] LogOutputStream:75 - [STDERR_REDIRECT] Feb 07, 2024 3:05:31 PM java.util.prefs.FileSystemPreferences syncWorld
2024-02-07 15:05:31,149 [ERROR] LogOutputStream:75 - [STDERR_REDIRECT] WARNING: Couldn't flush system prefs: java.util.prefs.BackingStoreException: Couldn't get file lock.
2024-02-07 15:05:31,149 [ERROR] LogOutputStream:75 - [STDERR_REDIRECT] 
2024-02-07 15:06:01,140 [ERROR] LogOutputStream:75 - [STDERR_REDIRECT] Feb 07, 2024 3:06:01 PM java.util.prefs.FileSystemPreferences checkLockFile0ErrorCode
2024-02-07 15:06:01,140 [ERROR] LogOutputStream:75 - [STDERR_REDIRECT] WARNING: Could not lock System prefs. Unix error code 32506.
2024-02-07 15:06:01,140 [ERROR] LogOutputStream:75 - [STDERR_REDIRECT] 
2024-02-07 15:06:01,141 [ERROR] LogOutputStream:75 - [STDERR_REDIRECT] Feb 07, 2024 3:06:01 PM java.util.prefs.FileSystemPreferences syncWorld
2024-02-07 15:06:01,141 [ERROR] LogOutputStream:75 - [STDERR_REDIRECT] WARNING: Couldn't flush system prefs: java.util.prefs.BackingStoreException: Couldn't get file lock.
2024-02-07 15:06:01,141 [ERROR] LogOutputStream:75 - [STDERR_REDIRECT] 
2024-02-07 15:06:23,472 [INFO] McuFinderGlobals:63 - Set McuFinder mode to 2 (CubeIDE integrated)
2024-02-07 15:06:25,771 [INFO] MainUpdater:2873 - connection check result : 10
2024-02-07 15:06:25,772 [INFO] MainUpdater:2873 - connection check result : 10
2024-02-07 15:06:25,810 [INFO] MicroXplorer:468 - Change Database Path : 
2024-02-07 15:06:25,810 [INFO] MicroXplorer:498 - Change Database Version : DB.6.0.100
2024-02-07 15:06:25,817 [WARN] ThirdParty:871 - waiting for thirdparty lock release [close project]
2024-02-07 15:06:25,817 [INFO] ThirdParty:873 - entering critical section [close project]
2024-02-07 15:06:25,819 [INFO] ThirdParty:883 - exiting critical section [close project]
2024-02-07 15:06:25,823 [INFO] PinOutPanel:1499 - setPackage(No Configuration,No Configuration)
2024-02-07 15:06:25,829 [INFO] UtilMem:75 - Begin LoadConfig() Used Memory: 490799872 Bytes (867172352)
2024-02-07 15:06:25,831 [INFO] MicroXplorer:468 - Change Database Path : 
2024-02-07 15:06:25,831 [INFO] MicroXplorer:498 - Change Database Version : DB.6.0.100
2024-02-07 15:06:25,831 [INFO] OpenFileManager:312 - Change cursor
2024-02-07 15:06:25,861 [INFO] Mcu:2016 - Initializing MCU STM32F411R(C-E)Tx STM32F411RETx STM32F411RET6
2024-02-07 15:06:27,846 [INFO] Context:659 - Trying to add GPIOservice into a context  which must be forbidden
2024-02-07 15:06:28,367 [INFO] RtosManager:555 - Registered RTOS mode: class=CMSIS, group=RTOS, mode=CMSIS_V1, owner=FREERTOS
2024-02-07 15:06:28,367 [INFO] RtosManager:555 - Registered RTOS mode: class=CMSIS, group=RTOS2, mode=CMSIS_V2, owner=FREERTOS
2024-02-07 15:06:28,368 [INFO] RtosManager:555 - Registered RTOS mode: class=RTOS, group=Core, mode=CMSIS_V1, owner=FREERTOS
2024-02-07 15:06:28,368 [INFO] RtosManager:555 - Registered RTOS mode: class=RTOS, group=Core, mode=CMSIS_V2, owner=FREERTOS
2024-02-07 15:06:28,368 [WARN] ModelIntegratedComponent:184 - Missing modes for component STMicroelectronics:FreeRTOS:0.0.1:STMicroelectronics:RTOS:FreeRTOS:Core:::10.2.0:
2024-02-07 15:06:28,390 [WARN] ModelIntegratedComponent:182 - Modes not found for component STMicroelectronics:USB_HOST:1.0.0:STMicroelectronics:USB::USB Host:Audio HS::1.0:USB_HOST_1_0_RESTRICTED_HS
2024-02-07 15:06:28,390 [WARN] ModelIntegratedComponent:188 - Modes not found for component STMicroelectronics:USB_HOST:1.0.0:STMicroelectronics:USB::USB Host:Audio HS::1.0:USB_HOST_1_0_RESTRICTED_HS
2024-02-07 15:06:28,390 [WARN] ModelIntegratedComponent:182 - Modes not found for component STMicroelectronics:USB_HOST:1.0.0:STMicroelectronics:USB::USB Host:CDC HS::1.0:USB_HOST_1_0_RESTRICTED_HS
2024-02-07 15:06:28,390 [WARN] ModelIntegratedComponent:188 - Modes not found for component STMicroelectronics:USB_HOST:1.0.0:STMicroelectronics:USB::USB Host:CDC HS::1.0:USB_HOST_1_0_RESTRICTED_HS
2024-02-07 15:06:28,390 [WARN] ModelIntegratedComponent:182 - Modes not found for component STMicroelectronics:USB_HOST:1.0.0:STMicroelectronics:USB::USB Host:MSC HS::1.0:USB_HOST_1_0_RESTRICTED_HS
2024-02-07 15:06:28,391 [WARN] ModelIntegratedComponent:188 - Modes not found for component STMicroelectronics:USB_HOST:1.0.0:STMicroelectronics:USB::USB Host:MSC HS::1.0:USB_HOST_1_0_RESTRICTED_HS
2024-02-07 15:06:28,391 [WARN] ModelIntegratedComponent:182 - Modes not found for component STMicroelectronics:USB_HOST:1.0.0:STMicroelectronics:USB::USB Host:HID HS::1.0:USB_HOST_1_0_RESTRICTED_HS
2024-02-07 15:06:28,391 [WARN] ModelIntegratedComponent:188 - Modes not found for component STMicroelectronics:USB_HOST:1.0.0:STMicroelectronics:USB::USB Host:HID HS::1.0:USB_HOST_1_0_RESTRICTED_HS
2024-02-07 15:06:28,391 [WARN] ModelIntegratedComponent:182 - Modes not found for component STMicroelectronics:USB_HOST:1.0.0:STMicroelectronics:USB::USB Host:MTP HS::1.0:USB_HOST_1_0_RESTRICTED_HS
2024-02-07 15:06:28,391 [WARN] ModelIntegratedComponent:188 - Modes not found for component STMicroelectronics:USB_HOST:1.0.0:STMicroelectronics:USB::USB Host:MTP HS::1.0:USB_HOST_1_0_RESTRICTED_HS
2024-02-07 15:06:28,402 [WARN] ModelIntegratedComponent:63 - No mode defined for component null
2024-02-07 15:06:28,403 [WARN] ModelIntegratedComponent:63 - No mode defined for component null
2024-02-07 15:06:28,403 [WARN] ModelIntegratedComponent:63 - No mode defined for component null
2024-02-07 15:06:28,403 [WARN] ModelIntegratedComponent:63 - No mode defined for component null
2024-02-07 15:06:28,403 [WARN] ModelIntegratedComponent:63 - No mode defined for component null
2024-02-07 15:06:28,403 [WARN] ModelIntegratedComponent:63 - No mode defined for component null
2024-02-07 15:06:28,403 [WARN] ModelIntegratedComponent:63 - No mode defined for component null
2024-02-07 15:06:28,403 [WARN] ModelIntegratedComponent:63 - No mode defined for component null
2024-02-07 15:06:28,403 [WARN] ModelIntegratedComponent:63 - No mode defined for component null
2024-02-07 15:06:28,403 [WARN] ModelIntegratedComponent:63 - No mode defined for component null
2024-02-07 15:06:28,403 [WARN] ModelIntegratedComponent:63 - No mode defined for component null
2024-02-07 15:06:28,403 [WARN] ModelIntegratedComponent:63 - No mode defined for component null
2024-02-07 15:06:28,403 [WARN] ModelIntegratedComponent:63 - No mode defined for component null
2024-02-07 15:06:28,403 [WARN] ModelIntegratedComponent:63 - No mode defined for component null
2024-02-07 15:06:28,404 [WARN] ModelIntegratedComponent:63 - No mode defined for component null
2024-02-07 15:06:28,404 [WARN] ModelIntegratedComponent:63 - No mode defined for component null
2024-02-07 15:06:28,404 [WARN] ModelIntegratedComponent:63 - No mode defined for component null
2024-02-07 15:06:28,404 [WARN] ModelIntegratedComponent:63 - No mode defined for component null
2024-02-07 15:06:28,404 [WARN] ModelIntegratedComponent:63 - No mode defined for component null
2024-02-07 15:06:28,404 [WARN] ModelIntegratedComponent:63 - No mode defined for component null
2024-02-07 15:06:28,404 [WARN] ModelIntegratedComponent:63 - No mode defined for component null
2024-02-07 15:06:28,404 [WARN] ModelIntegratedComponent:63 - No mode defined for component null
2024-02-07 15:06:28,404 [WARN] ModelIntegratedComponent:63 - No mode defined for component null
2024-02-07 15:06:28,404 [WARN] ModelIntegratedComponent:63 - No mode defined for component null
2024-02-07 15:06:28,404 [WARN] ModelIntegratedComponent:63 - No mode defined for component null
2024-02-07 15:06:28,404 [WARN] ModelIntegratedComponent:63 - No mode defined for component null
2024-02-07 15:06:28,404 [WARN] ModelIntegratedComponent:63 - No mode defined for component null
2024-02-07 15:06:28,404 [WARN] ModelIntegratedComponent:63 - No mode defined for component null
2024-02-07 15:06:28,404 [WARN] ModelIntegratedComponent:63 - No mode defined for component null
2024-02-07 15:06:28,404 [WARN] ModelIntegratedComponent:63 - No mode defined for component null
2024-02-07 15:06:28,404 [WARN] ModelIntegratedComponent:63 - No mode defined for component null
2024-02-07 15:06:28,404 [WARN] ModelIntegratedComponent:63 - No mode defined for component null
2024-02-07 15:06:28,405 [WARN] ModelIntegratedComponent:63 - No mode defined for component null
2024-02-07 15:06:28,551 [WARN] ModelIntegratedComponent:182 - Modes not found for component STMicroelectronics:USB_DEVICE:1.0.0:STMicroelectronics:USB::USB Device:Audio HS::1.0:USB_DEVICE_1_0_RESTRICTED_HS
2024-02-07 15:06:28,551 [WARN] ModelIntegratedComponent:188 - Modes not found for component STMicroelectronics:USB_DEVICE:1.0.0:STMicroelectronics:USB::USB Device:Audio HS::1.0:USB_DEVICE_1_0_RESTRICTED_HS
2024-02-07 15:06:28,551 [WARN] ModelIntegratedComponent:182 - Modes not found for component STMicroelectronics:USB_DEVICE:1.0.0:STMicroelectronics:USB::USB Device:CDC HS::1.0:USB_DEVICE_1_0_RESTRICTED_HS
2024-02-07 15:06:28,551 [WARN] ModelIntegratedComponent:188 - Modes not found for component STMicroelectronics:USB_DEVICE:1.0.0:STMicroelectronics:USB::USB Device:CDC HS::1.0:USB_DEVICE_1_0_RESTRICTED_HS
2024-02-07 15:06:28,551 [WARN] ModelIntegratedComponent:182 - Modes not found for component STMicroelectronics:USB_DEVICE:1.0.0:STMicroelectronics:USB::USB Device:DFU HS::1.0:USB_DEVICE_1_0_RESTRICTED_HS
2024-02-07 15:06:28,552 [WARN] ModelIntegratedComponent:188 - Modes not found for component STMicroelectronics:USB_DEVICE:1.0.0:STMicroelectronics:USB::USB Device:DFU HS::1.0:USB_DEVICE_1_0_RESTRICTED_HS
2024-02-07 15:06:28,552 [WARN] ModelIntegratedComponent:182 - Modes not found for component STMicroelectronics:USB_DEVICE:1.0.0:STMicroelectronics:USB::USB Device:HID HS::1.0:USB_DEVICE_1_0_RESTRICTED_HS
2024-02-07 15:06:28,552 [WARN] ModelIntegratedComponent:188 - Modes not found for component STMicroelectronics:USB_DEVICE:1.0.0:STMicroelectronics:USB::USB Device:HID HS::1.0:USB_DEVICE_1_0_RESTRICTED_HS
2024-02-07 15:06:28,552 [WARN] ModelIntegratedComponent:182 - Modes not found for component STMicroelectronics:USB_DEVICE:1.0.0:STMicroelectronics:USB::USB Device:Custom HID HS::1.0:USB_DEVICE_1_0_RESTRICTED_HS
2024-02-07 15:06:28,552 [WARN] ModelIntegratedComponent:188 - Modes not found for component STMicroelectronics:USB_DEVICE:1.0.0:STMicroelectronics:USB::USB Device:Custom HID HS::1.0:USB_DEVICE_1_0_RESTRICTED_HS
2024-02-07 15:06:28,552 [WARN] ModelIntegratedComponent:182 - Modes not found for component STMicroelectronics:USB_DEVICE:1.0.0:STMicroelectronics:USB::USB Device:MSC HS::1.0:USB_DEVICE_1_0_RESTRICTED_HS
2024-02-07 15:06:28,552 [WARN] ModelIntegratedComponent:188 - Modes not found for component STMicroelectronics:USB_DEVICE:1.0.0:STMicroelectronics:USB::USB Device:MSC HS::1.0:USB_DEVICE_1_0_RESTRICTED_HS
2024-02-07 15:06:28,580 [INFO] ThirdPartyModel:298 - Start build external matchings
2024-02-07 15:06:28,862 [INFO] ThirdPartyModel:316 - End build external matchings
2024-02-07 15:06:28,895 [INFO] ImportTextPane:194 - (OptionalMessage_ERROR) IP (RCC) : Parameter (48MHZClocksFreq_Value) has invalid value (84000000)
2024-02-07 15:06:28,898 [INFO] ImportTextPane:194 - (OptionalMessage_ERROR) IP (RCC) : Parameter (FLatency) has Id (AdvancedSettings) currently not set
2024-02-07 15:06:28,899 [INFO] ImportTextPane:194 - (OptionalMessage_ERROR) IP (RCC) : Parameter (RTCHSEDivFreq_Value) has invalid value (4000000)
2024-02-07 15:06:29,260 [INFO] UtilMem:75 - End LoadConfig() Used Memory: 805925200 Bytes (1003487232)
2024-02-07 15:06:29,346 [INFO] ApiDb:581 - Connected to CubeFinder SQLite database (/home/patrick/.stmcufinder/plugins/mcufinder/mcu/cube-finder-db.db)
2024-02-07 15:06:29,436 [INFO] ApiDb:668 - CubeFinder database Data Model version=2.1
2024-02-07 15:06:29,436 [INFO] ApiDb:669 - CubeFinder database Configuration version=3.0.39
2024-02-07 15:06:29,437 [INFO] ApiDb:670 - CubeFinder database generation date=2024-01-11 (1704964531)
2024-02-07 15:06:29,437 [INFO] ApiDb:671 - CubeFinder database FW Pack versions=[FP-ATR-ASTRA1_V2.0.0, FP-SNS-FLIGHT1_V5.0.1, FP-SNS-FLIGHT1_V5.0.2, FP-SNS-MOTENV1_V4.3.1, FP-SNS-MOTENV1_V4.3.2, FP-SNS-MOTENVWB1_V1.3.1, FP-SNS-SMARTAG2_V1.2.0, STM32Cube_FW_C0_V1.1.0, STM32Cube_FW_F4_V1.28.0, STM32Cube_FW_F7_V1.17.0, STM32Cube_FW_G0_V1.6.2, STM32Cube_FW_G4_V1.5.2, STM32Cube_FW_H5_V0.5.1, STM32Cube_FW_H5_V1.1.1, STM32Cube_FW_H5_V1.2.0RC2, STM32Cube_FW_H7_V1.11.0, STM32Cube_FW_L0_V1.12.2, STM32Cube_FW_L5_V1.5.0, STM32Cube_FW_U5_V1.3.0RC4, STM32Cube_FW_U5_V1.4.0, STM32Cube_FW_WBA_V1.0.0RC1, STM32Cube_FW_WBA_V1.1.0RC1, STM32Cube_FW_WBA_V1.2.0, STM32Cube_FW_WBA_V1.2.0RC2, STM32Cube_FW_WB_V1.15.0RC1, STM32Cube_FW_WB_V1.16.0, STM32Cube_FW_WB_V1.16.0RC2, STM32Cube_FW_WB_V1.18.0, STM32Cube_FW_WL_V1.3.0, X-CUBE-ALGOBUILD_V1.3.0, X-CUBE-ALS_V1.0.1, X-CUBE-AZRTOS-F4_V1.1.0, X-CUBE-AZRTOS-F7_V1.1.0, X-CUBE-AZRTOS-G0_V1.1.0, X-CUBE-AZRTOS-G4_V2.0.0, X-CUBE-AZRTOS-H7_V3.2.0, X-CUBE-AZRTOS-L4_V1.0.0, X-CUBE-AZRTOS-L4_V2.0.0, X-CUBE-AZRTOS-L5_V1.1.0, X-CUBE-AZRTOS-WB_V2.0.0, X-CUBE-AZRTOS-WL_V2.0.0, X-CUBE-BLE1_V7.0.0, X-CUBE-BLE2_V3.3.0, X-CUBE-BLEMGR_V3.0.0, X-CUBE-EEPRMA1_V4.1.0, X-CUBE-EEPRMA1_V4.2.0, X-CUBE-FREERTOS_V1.1.0, X-CUBE-GNSS1_V6.0.0, X-CUBE-MEMS1_V10.0.0, X-CUBE-MEMS1_V9.1.0, X-CUBE-MEMS1_V9.4.0, X-CUBE-MEMS1_V9.6.0, X-CUBE-NFC4_V3.0.0, X-CUBE-NFC7_V1.0.1, X-CUBE-SFXS2LP1_V4.0.0, X-CUBE-SUBG2_V5.0.0, X-CUBE-TOF1_V3.4.0]
2024-02-07 15:06:31,154 [ERROR] LogOutputStream:75 - [STDERR_REDIRECT] Feb 07, 2024 3:06:31 PM java.util.prefs.FileSystemPreferences checkLockFile0ErrorCode
2024-02-07 15:06:31,154 [ERROR] LogOutputStream:75 - [STDERR_REDIRECT] WARNING: Could not lock System prefs. Unix error code 32506.
2024-02-07 15:06:31,155 [ERROR] LogOutputStream:75 - [STDERR_REDIRECT] 
2024-02-07 15:06:31,155 [ERROR] LogOutputStream:75 - [STDERR_REDIRECT] Feb 07, 2024 3:06:31 PM java.util.prefs.FileSystemPreferences syncWorld
2024-02-07 15:06:31,155 [ERROR] LogOutputStream:75 - [STDERR_REDIRECT] WARNING: Couldn't flush system prefs: java.util.prefs.BackingStoreException: Couldn't get file lock.
2024-02-07 15:06:31,155 [ERROR] LogOutputStream:75 - [STDERR_REDIRECT] 
2024-02-07 15:06:31,327 [INFO] ApiDb:240 - Found 371 in-development CPN: [B-G473E-ZEST1S, B-WB1M-WPAN1, B-WL5M-SUBG1, NUCLEO-C031C6, NUCLEO-H503RB, NUCLEO-H563ZI, NUCLEO-U545RE-Q, NUCLEO-U5A5ZJ-Q, NUCLEO-WBA52CG, NUCLEO-WBA55CG, STEVAL-MKBOXPRO, STEVAL-PROTEUS1, STEVAL-STWINBX1, STM320518-EVAL, STM32C0116-DK, STM32C011D6Y3TR, STM32C011D6Y6TR, STM32C011F4P3, STM32C011F4P6, STM32C011F4U3, STM32C011F4U6TR, STM32C011F6P3, STM32C011F6P6, STM32C011F6U3, STM32C011F6U6TR, STM32C011J4M3, STM32C011J4M6, STM32C011J6M3, STM32C011J6M6, STM32C0316-DK, STM32C031C4T3, STM32C031C4T6, STM32C031C4U3, STM32C031C4U6, STM32C031C6T3, STM32C031C6T6, STM32C031C6U3, STM32C031C6U6, STM32C031F4P3, STM32C031F4P6, STM32C031F6P3, STM32C031F6P6, STM32C031G4U3, STM32C031G4U6, STM32C031G6U3, STM32C031G6U6, STM32C031K4T3, STM32C031K4T6, STM32C031K4U3, STM32C031K4U6, STM32C031K6T3, STM32C031K6T6, STM32C031K6U3, STM32C031K6U6, STM32G071K8TXN, STM32G071K8UXN, STM32G081GBU6N, STM32G081KBT6N, STM32G081KBUXN, STM32G0B1CCT6N, STM32G0B1KCT6, STM32G0B1NEY6TR, STM32G0B1RCT6N, STM32G0C1CCT6, STM32G0C1CCT6N, STM32G0C1CCU6N, STM32G0C1CET6N, STM32G0C1CEU6N, STM32G0C1KCT6, STM32G0C1NEY6TR, STM32G0C1RCI6N, STM32G0C1RCT6N, STM32G0C1REI6N, STM32G0C1RET6N, STM32G0C1VCI6, STM32G0C1VEI6, STM32G471CCT6, STM32G471CCU6, STM32G471CET3, STM32G471CET6, STM32G471CEU3, STM32G471CEU6, STM32G471MCT6, STM32G471MET3, STM32G471MET6, STM32G471MEY6TR, STM32G471QCT6, STM32G471QET3, STM32G471RCT6, STM32G471RET3, STM32G471RET6, STM32G471VCH6, STM32G471VCI6, STM32G471VCT6, STM32G471VEH3, STM32G471VEH6, STM32G471VEI3, STM32G471VEI6, STM32G471VET3, STM32G471VET6, STM32G474CCT6, STM32H503CBT6, STM32H503CBU6, STM32H503EBY6TR, STM32H503KBU6, STM32H503RBT6, STM32H562AGI6, STM32H562AII6, STM32H562IGK6, STM32H562IGT6, STM32H562IIK6, STM32H562IIT6, STM32H562RGT6, STM32H562RGV6, STM32H562RIT6, STM32H562RIV6, STM32H562VGT6, STM32H562VIT6, STM32H562ZGT6, STM32H562ZIT6, STM32H563AGI6, STM32H563AII3Q, STM32H563AII6, STM32H563IGK6, STM32H563IGT6, STM32H563IIK3Q, STM32H563IIK6, STM32H563IIT3Q, STM32H563IIT6, STM32H563MIY3QTR, STM32H563RGT6, STM32H563RGV6, STM32H563RIT6, STM32H563RIV6, STM32H563VGT6, STM32H563VIT3Q, STM32H563VIT6, STM32H563ZGT6, STM32H563ZIT3Q, STM32H563ZIT6, STM32H573AII3Q, STM32H573AII6, STM32H573I-DK, STM32H573IIK3Q, STM32H573IIK6, STM32H573IIT3Q, STM32H573IIT6, STM32H573MIY3QTR, STM32H573RIT6, STM32H573RIV6, STM32H573VIT3Q, STM32H573VIT6, STM32H573ZIT3Q, STM32H573ZIT6, STM32L4R5QGI6STR, STM32MP131AAE3, STM32MP131AAF3, STM32MP131AAG3, STM32MP131CAE3, STM32MP131CAF3, STM32MP131CAG3, STM32MP131DAE7, STM32MP131DAF7, STM32MP131DAG7, STM32MP131FAE7, STM32MP131FAF7, STM32MP131FAG7, STM32MP133AAE3, STM32MP133AAF3, STM32MP133AAG3, STM32MP133CAE3, STM32MP133CAF3, STM32MP133CAG3, STM32MP133DAE7, STM32MP133DAF7, STM32MP133DAG7, STM32MP133FAE7, STM32MP133FAF7, STM32MP133FAG7, STM32MP135AAE3, STM32MP135AAF3, STM32MP135AAG3, STM32MP135CAE3, STM32MP135CAF3, STM32MP135CAG3, STM32MP135DAE7, STM32MP135DAF7, STM32MP135DAG7, STM32MP135F-DK, STM32MP135FAE7, STM32MP135FAF7, STM32MP135FAF7T, STM32MP135FAF7U, STM32MP135FAG7, STM32U535CBT6, STM32U535CBT6Q, STM32U535CBU6, STM32U535CBU6Q, STM32U535CCT6, STM32U535CCT6Q, STM32U535CCU6, STM32U535CCU6Q, STM32U535CET6, STM32U535CET6Q, STM32U535CEU6, STM32U535CEU6Q, STM32U535JEY6QTR, STM32U535NCY6QTR, STM32U535NEY6QTR, STM32U535RBI6, STM32U535RBI6Q, STM32U535RBT6, STM32U535RBT6Q, STM32U535RCI6, STM32U535RCI6Q, STM32U535RCT6, STM32U535RCT6Q, STM32U535REI6, STM32U535REI6Q, STM32U535RET6, STM32U535RET6Q, STM32U535VCI6, STM32U535VCI6Q, STM32U535VCT6, STM32U535VCT6Q, STM32U535VEI6, STM32U535VEI6Q, STM32U535VET6, STM32U535VET6Q, STM32U545CET6, STM32U545CET6Q, STM32U545CEU6, STM32U545CEU6Q, STM32U545JEY6QTR, STM32U545NEY6QTR, STM32U545REI6, STM32U545REI6Q, STM32U545RET6, STM32U545RET6Q, STM32U545VEI6, STM32U545VEI6Q, STM32U545VET6, STM32U545VET6Q, STM32U595AIH6, STM32U595AIH6Q, STM32U595AJH6, STM32U595AJH6Q, STM32U595QII6, STM32U595QII6Q, STM32U595QJI6, STM32U595QJI6Q, STM32U595RIT6, STM32U595RIT6Q, STM32U595RJT6, STM32U595RJT6Q, STM32U595VIT6, STM32U595VIT6Q, STM32U595VJT6, STM32U595VJT6Q, STM32U595ZIT6, STM32U595ZIT6Q, STM32U595ZIY6QTR, STM32U595ZJT6, STM32U595ZJT6Q, STM32U595ZJY6QTR, STM32U599BJY6QTR, STM32U599NIH6Q, STM32U599NJH6Q, STM32U599VIT6Q, STM32U599VJT6, STM32U599VJT6Q, STM32U599ZIT6Q, STM32U599ZIY6QTR, STM32U599ZJT6Q, STM32U599ZJY6QTR, STM32U5A5AJH6, STM32U5A5AJH6Q, STM32U5A5QJI6, STM32U5A5QJI6Q, STM32U5A5RJT6, STM32U5A5RJT6Q, STM32U5A5VJT6, STM32U5A5VJT6Q, STM32U5A5ZJT6, STM32U5A5ZJT6Q, STM32U5A5ZJY6QTR, STM32U5A9BJY6QTR, STM32U5A9J-DK, STM32U5A9NJH6Q, STM32U5A9VJT6Q, STM32U5A9ZJT6Q, STM32U5A9ZJY6QTR, STM32U5F7VIT6, STM32U5F7VIT6Q, STM32U5F7VJT6, STM32U5F7VJT6Q, STM32U5F9BJY6QTR, STM32U5F9NJH6Q, STM32U5F9VIT6Q, STM32U5F9VJT6Q, STM32U5F9ZIJ6QTR, STM32U5F9ZIT6Q, STM32U5F9ZJJ6QTR, STM32U5F9ZJT6Q, STM32U5G7VJT6, STM32U5G7VJT6Q, STM32U5G9BJY6QTR, STM32U5G9J-DK1, STM32U5G9J-DK2, STM32U5G9NJH6Q, STM32U5G9VJT6Q, STM32U5G9ZJJ6QTR, STM32U5G9ZJT6Q, STM32WB1MMCH6, STM32WBA50KEU6, STM32WBA50KEU6TR, STM32WBA50KGU6, STM32WBA50KGU6TR, STM32WBA52CEU6, STM32WBA52CEU6TR, STM32WBA52CEU7, STM32WBA52CEU7TR, STM32WBA52CGU6, STM32WBA52CGU6TR, STM32WBA52CGU6U, STM32WBA52CGU7, STM32WBA52CGU7TR, STM32WBA52KEU6, STM32WBA52KEU6TR, STM32WBA52KGU6, STM32WBA52KGU6TR, STM32WBA54CEU6, STM32WBA54CEU6TR, STM32WBA54CEU7, STM32WBA54CEU7TR, STM32WBA54CGU6, STM32WBA54CGU6TR, STM32WBA54CGU7, STM32WBA54CGU7TR, STM32WBA54KEU6, STM32WBA54KEU6TR, STM32WBA54KEU7, STM32WBA54KEU7TR, STM32WBA54KGU6, STM32WBA54KGU6TR, STM32WBA54KGU7, STM32WBA54KGU7TR, STM32WBA55CEU6, STM32WBA55CEU6TR, STM32WBA55CEU7, STM32WBA55CEU7TR, STM32WBA55CGU6, STM32WBA55CGU6TR, STM32WBA55CGU6U, STM32WBA55CGU7, STM32WBA55CGU7TR, STM32WBA55G-DK1, STM32WBA55HEF6, STM32WBA55HEF7, STM32WBA55HGF6, STM32WBA55HGF7, STM32WBA55UEI6, STM32WBA55UEI6TR, STM32WBA55UEI7, STM32WBA55UEI7TR, STM32WBA55UGI6, STM32WBA55UGI6TR, STM32WBA55UGI7, STM32WBA55UGI7TR, STM32WL5MOCH6, STM32WL5MOCH6TR]
2024-02-07 15:06:31,332 [INFO] DbMcus:218 - Found 3930 MCUs, 3930 are supported
2024-02-07 15:06:31,332 [INFO] ApiDb:423 - Load user favorites file /home/patrick/.stm32cubeide/favorites.mcus.txt: 0 item(s)
2024-02-07 15:06:31,332 [INFO] ApiDb:427 - User favorites MCUs=[]
2024-02-07 15:06:31,333 [INFO] DbMcus:224 - Set 0 / 0 favorites MCUs
2024-02-07 15:06:31,555 [INFO] MicroXplorer:468 - Change Database Path : 
2024-02-07 15:06:31,555 [INFO] MicroXplorer:498 - Change Database Version : DB.6.0.100
2024-02-07 15:06:31,555 [WARN] ThirdParty:833 - waiting for thirdparty lock release [change project]
2024-02-07 15:06:31,556 [INFO] ThirdParty:835 - entering critical section [change project]
2024-02-07 15:06:31,556 [INFO] ThirdParty:1030 - CMSIS Pack Vendor :STMicroelectronics USBPD 4.1
2024-02-07 15:06:31,556 [INFO] ThirdParty:1030 - CMSIS Pack Vendor :STMicroelectronics X-CUBE-GNSS1 6.0.0
2024-02-07 15:06:31,556 [INFO] ThirdParty:1030 - CMSIS Pack Vendor :STMicroelectronics USB_HOST 2.0.0
2024-02-07 15:06:31,556 [INFO] ThirdParty:1030 - CMSIS Pack Vendor :STMicroelectronics X-CUBE-AZRTOS-F4 1.1.0
2024-02-07 15:06:31,556 [INFO] ThirdParty:1030 - CMSIS Pack Vendor :STMicroelectronics LIBJPEG 8.0.0
2024-02-07 15:06:31,556 [INFO] ThirdParty:1030 - CMSIS Pack Vendor :STMicroelectronics X-CUBE-SMBUS 2.1.0
2024-02-07 15:06:31,556 [INFO] ThirdParty:1030 - CMSIS Pack Vendor :STMicroelectronics USB_DEVICE 3.0.0
2024-02-07 15:06:31,556 [INFO] ThirdParty:1030 - CMSIS Pack Vendor :STMicroelectronics X-CUBE-AZRTOS-WB 2.0.0
2024-02-07 15:06:31,556 [INFO] ThirdParty:1030 - CMSIS Pack Vendor :wolfSSL I-CUBE-wolfSSL 5.6.6
2024-02-07 15:06:31,556 [INFO] ThirdParty:1030 - CMSIS Pack Vendor :STMicroelectronics X-CUBE-TOUCHGFX 4.23.0
2024-02-07 15:06:31,556 [INFO] ThirdParty:1030 - CMSIS Pack Vendor :STMicroelectronics X-CUBE-AZRTOS-F7 1.1.0
2024-02-07 15:06:31,556 [INFO] ThirdParty:1030 - CMSIS Pack Vendor :STMicroelectronics X-CUBE-AZRTOS-L5 2.0.0
2024-02-07 15:06:31,556 [INFO] ThirdParty:1030 - CMSIS Pack Vendor :STMicroelectronics USB_DEVICE 2.0.0
2024-02-07 15:06:31,556 [INFO] ThirdParty:1030 - CMSIS Pack Vendor :STMicroelectronics X-CUBE-EEPRMA1 4.2.0
2024-02-07 15:06:31,556 [INFO] ThirdParty:1030 - CMSIS Pack Vendor :ITTIA_DB I-CUBE-ITTIADB 8.8.0
2024-02-07 15:06:31,556 [INFO] ThirdParty:1030 - CMSIS Pack Vendor :STMicroelectronics FP-SNS-MOTENV1 4.3.2
2024-02-07 15:06:31,556 [INFO] ThirdParty:1030 - CMSIS Pack Vendor :STMicroelectronics X-CUBE-ALGOBUILD 1.3.0
2024-02-07 15:06:31,556 [INFO] ThirdParty:1030 - CMSIS Pack Vendor :STMicroelectronics FreeRTOS 0.0.1
2024-02-07 15:06:31,556 [INFO] ThirdParty:1030 - CMSIS Pack Vendor :STMicroelectronics X-CUBE-AZRTOS-G0 1.1.0
2024-02-07 15:06:31,556 [INFO] ThirdParty:1030 - CMSIS Pack Vendor :STMicroelectronics X-CUBE-NFC4 3.0.0
2024-02-07 15:06:31,557 [INFO] ThirdParty:1030 - CMSIS Pack Vendor :STMicroelectronics X-CUBE-SUBG2 5.0.0
2024-02-07 15:06:31,557 [INFO] ThirdParty:1030 - CMSIS Pack Vendor :STMicroelectronics STM32_WPAN 1.0.0
2024-02-07 15:06:31,557 [INFO] ThirdParty:1030 - CMSIS Pack Vendor :STMicroelectronics lwIP 2.0.3
2024-02-07 15:06:31,557 [INFO] ThirdParty:1030 - CMSIS Pack Vendor :STMicroelectronics FP-SNS-FLIGHT1 5.0.2
2024-02-07 15:06:31,557 [INFO] ThirdParty:1030 - CMSIS Pack Vendor :STMicroelectronics USB_HOST 1.0.0
2024-02-07 15:06:31,557 [INFO] ThirdParty:1030 - CMSIS Pack Vendor :STMicroelectronics X-CUBE-AZRTOS-G4 2.0.0
2024-02-07 15:06:31,557 [INFO] ThirdParty:1030 - CMSIS Pack Vendor :STMicroelectronics PDM2PCM 3.1.0
2024-02-07 15:06:31,557 [INFO] ThirdParty:1030 - CMSIS Pack Vendor :Infineon AIROC-Wi-Fi-Bluetooth-STM32 1.5.1
2024-02-07 15:06:31,557 [INFO] ThirdParty:1030 - CMSIS Pack Vendor :STMicroelectronics X-CUBE-BLEMGR 3.0.0
2024-02-07 15:06:31,557 [INFO] ThirdParty:1030 - CMSIS Pack Vendor :STMicroelectronics PDM2PCM 3.3.0
2024-02-07 15:06:31,557 [INFO] ThirdParty:1030 - CMSIS Pack Vendor :STMicroelectronics X-CUBE-DISPLAY 3.0.0
2024-02-07 15:06:31,557 [INFO] ThirdParty:1030 - CMSIS Pack Vendor :STMicroelectronics FP-SNS-MOTENVWB1 1.3.1
2024-02-07 15:06:31,557 [INFO] ThirdParty:1030 - CMSIS Pack Vendor :STMicroelectronics X-CUBE-BLE1 7.0.0
2024-02-07 15:06:31,557 [INFO] ThirdParty:1030 - CMSIS Pack Vendor :STMicroelectronics FP-ATR-SIGFOX1 3.2.0
2024-02-07 15:06:31,557 [INFO] ThirdParty:1030 - CMSIS Pack Vendor :STMicroelectronics X-CUBE-ISPU 2.0.0
2024-02-07 15:06:31,558 [INFO] ThirdParty:1030 - CMSIS Pack Vendor :STMicroelectronics X-CUBE-EEPRMA1 5.1.0
2024-02-07 15:06:31,558 [INFO] ThirdParty:1030 - CMSIS Pack Vendor :STMicroelectronics HAL Drivers 0.0.0
2024-02-07 15:06:31,558 [INFO] ThirdParty:1030 - CMSIS Pack Vendor :STMicroelectronics MBEDTLS 2.16.2
2024-02-07 15:06:31,558 [INFO] ThirdParty:1030 - CMSIS Pack Vendor :emotas I-CUBE-CANOPEN 1.3.0
2024-02-07 15:06:31,558 [INFO] ThirdParty:1030 - CMSIS Pack Vendor :STMicroelectronics X-CUBE-MEMS1 10.0.0
2024-02-07 15:06:31,558 [INFO] ThirdParty:1030 - CMSIS Pack Vendor :STMicroelectronics X-CUBE-FREERTOS 1.1.0
2024-02-07 15:06:31,558 [INFO] ThirdParty:1030 - CMSIS Pack Vendor :STMicroelectronics X-CUBE-NFC7 1.0.1
2024-02-07 15:06:31,558 [INFO] ThirdParty:1030 - CMSIS Pack Vendor :STMicroelectronics MBEDTLS 2.14.1
2024-02-07 15:06:31,558 [INFO] ThirdParty:1030 - CMSIS Pack Vendor :STMicroelectronics X-CUBE-NFC6 3.0.0
2024-02-07 15:06:31,558 [INFO] ThirdParty:1030 - CMSIS Pack Vendor :portGmbH I-Cube-SoM-uGOAL 1.1.0
2024-02-07 15:06:31,558 [INFO] ThirdParty:1030 - CMSIS Pack Vendor :STMicroelectronics X-CUBE-ALS 1.0.1
2024-02-07 15:06:31,558 [INFO] ThirdParty:1030 - CMSIS Pack Vendor :STMicroelectronics ThreadX 1.0.0
2024-02-07 15:06:31,558 [INFO] ThirdParty:1030 - CMSIS Pack Vendor :STMicroelectronics FP-SNS-SMARTAG2 1.2.0
2024-02-07 15:06:31,558 [INFO] ThirdParty:1030 - CMSIS Pack Vendor :STMicroelectronics X-CUBE-AZRTOS-WL 2.0.0
2024-02-07 15:06:31,558 [INFO] ThirdParty:1030 - CMSIS Pack Vendor :SEGGER I-CUBE-embOS 1.3.1
2024-02-07 15:06:31,558 [INFO] ThirdParty:1030 - CMSIS Pack Vendor :STMicroelectronics USB_DEVICE 1.0.0
2024-02-07 15:06:31,558 [INFO] ThirdParty:1030 - CMSIS Pack Vendor :STMicroelectronics X-CUBE-AI 8.1.0
2024-02-07 15:06:31,558 [INFO] ThirdParty:1030 - CMSIS Pack Vendor :STMicroelectronics X-CUBE-AZRTOS-L4 2.0.0
2024-02-07 15:06:31,558 [INFO] ThirdParty:1030 - CMSIS Pack Vendor :STMicroelectronics ThreadX 0.0.2
2024-02-07 15:06:31,559 [INFO] ThirdParty:1030 - CMSIS Pack Vendor :WES I-CUBE-Cesium 1.3.0
2024-02-07 15:06:31,559 [INFO] ThirdParty:1030 - CMSIS Pack Vendor :STMicroelectronics FP-ATR-ASTRA1 2.0.0
2024-02-07 15:06:31,559 [INFO] ThirdParty:1030 - CMSIS Pack Vendor :STMicroelectronics lwIP 2.1.2
2024-02-07 15:06:31,559 [INFO] ThirdParty:1030 - CMSIS Pack Vendor :STMicroelectronics X-CUBE-SFXS2LP1 4.0.0
2024-02-07 15:06:31,559 [INFO] ThirdParty:1030 - CMSIS Pack Vendor :STMicroelectronics X-CUBE-BLE2 3.3.0
2024-02-07 15:06:31,559 [INFO] ThirdParty:1030 - CMSIS Pack Vendor :STMicroelectronics X-CUBE-TOF1 3.4.0
2024-02-07 15:06:31,559 [INFO] ThirdParty:1030 - CMSIS Pack Vendor :STMicroelectronics X-CUBE-AZRTOS-H7 3.2.0
2024-02-07 15:06:31,559 [INFO] ThirdParty:1030 - CMSIS Pack Vendor :STMicroelectronics PDM2PCM 3.2.0
2024-02-07 15:06:31,559 [INFO] ThirdParty:841 - exiting critical section [change project]
2024-02-07 15:06:31,937 [INFO] PinOutPanel:1499 - setPackage(No Configuration,No Configuration)
2024-02-07 15:06:31,939 [INFO] PinOutPanel:1499 - setPackage(STM32F411RETx,LQFP64)
2024-02-07 15:06:32,456 [INFO] UtilMem:75 - Before build in PCC Used Memory: 587997504 Bytes (1073741824)
2024-02-07 15:06:33,180 [INFO] UtilMem:75 - After build in PCC Used Memory: 556813712 Bytes (1073741824)
2024-02-07 15:06:33,212 [INFO] IPUIPlugin:80 - create IPUIPlugin
2024-02-07 15:06:33,212 [INFO] IPUIPlugin:80 - create IPUIPlugin
2024-02-07 15:06:33,213 [INFO] IPUIPlugin:80 - create IPUIPlugin
2024-02-07 15:06:33,213 [INFO] IPUIPlugin:80 - create IPUIPlugin
2024-02-07 15:06:33,213 [INFO] IPUIPlugin:80 - create IPUIPlugin
2024-02-07 15:06:33,213 [INFO] IPUIPlugin:80 - create IPUIPlugin
2024-02-07 15:06:33,213 [INFO] IPUIPlugin:80 - create IPUIPlugin
2024-02-07 15:06:33,213 [INFO] IPUIPlugin:80 - create IPUIPlugin
2024-02-07 15:06:33,214 [INFO] IPUIPlugin:80 - create IPUIPlugin
2024-02-07 15:06:33,214 [INFO] IPUIPlugin:80 - create IPUIPlugin
2024-02-07 15:06:33,214 [INFO] IPUIPlugin:80 - create IPUIPlugin
2024-02-07 15:06:33,214 [INFO] IPUIPlugin:80 - create IPUIPlugin
2024-02-07 15:06:33,214 [INFO] IPUIPlugin:80 - create IPUIPlugin
2024-02-07 15:06:33,214 [INFO] IPUIPlugin:80 - create IPUIPlugin
2024-02-07 15:06:33,214 [INFO] IPUIPlugin:80 - create IPUIPlugin
2024-02-07 15:06:33,214 [INFO] IPUIPlugin:80 - create IPUIPlugin
2024-02-07 15:06:33,214 [INFO] IPUIPlugin:80 - create IPUIPlugin
2024-02-07 15:06:33,215 [INFO] IPUIPlugin:80 - create IPUIPlugin
2024-02-07 15:06:33,215 [INFO] IPUIPlugin:80 - create IPUIPlugin
2024-02-07 15:06:33,215 [INFO] IPUIPlugin:80 - create IPUIPlugin
2024-02-07 15:06:33,215 [INFO] IPUIPlugin:80 - create IPUIPlugin
2024-02-07 15:06:33,215 [INFO] IPUIPlugin:80 - create IPUIPlugin
2024-02-07 15:06:33,215 [INFO] IPUIPlugin:80 - create IPUIPlugin
2024-02-07 15:06:33,215 [INFO] IPUIPlugin:80 - create IPUIPlugin
2024-02-07 15:06:33,216 [INFO] IPUIPlugin:80 - create IPUIPlugin
2024-02-07 15:06:33,216 [INFO] IPUIPlugin:80 - create IPUIPlugin
2024-02-07 15:06:33,216 [INFO] IPUIPlugin:80 - create IPUIPlugin
2024-02-07 15:06:33,216 [INFO] IPUIPlugin:80 - create IPUIPlugin
2024-02-07 15:06:33,216 [INFO] IPUIPlugin:80 - create IPUIPlugin
2024-02-07 15:06:33,216 [INFO] IPUIPlugin:80 - create IPUIPlugin
2024-02-07 15:06:33,216 [INFO] IPUIPlugin:80 - create IPUIPlugin
2024-02-07 15:06:33,217 [INFO] IPUIPlugin:80 - create IPUIPlugin
2024-02-07 15:06:33,217 [INFO] IPUIPlugin:80 - create IPUIPlugin
2024-02-07 15:06:33,217 [INFO] IPUIPlugin:80 - create IPUIPlugin
2024-02-07 15:06:33,217 [INFO] IPUIPlugin:80 - create IPUIPlugin
2024-02-07 15:06:33,217 [INFO] IPUIPlugin:80 - create IPUIPlugin
2024-02-07 15:06:33,217 [INFO] IPUIPlugin:80 - create IPUIPlugin
2024-02-07 15:06:33,217 [INFO] IPUIPlugin:80 - create IPUIPlugin
2024-02-07 15:06:33,218 [INFO] IPUIPlugin:80 - create IPUIPlugin
2024-02-07 15:06:33,218 [INFO] IPUIPlugin:80 - create IPUIPlugin
2024-02-07 15:06:33,218 [INFO] IPUIPlugin:80 - create IPUIPlugin
2024-02-07 15:06:33,218 [INFO] IPUIPlugin:80 - create IPUIPlugin
2024-02-07 15:06:33,218 [INFO] IPUIPlugin:80 - create IPUIPlugin
2024-02-07 15:06:33,269 [INFO] ApiDbMcu:508 - Load IP Config File for PDM2PCM
2024-02-07 15:06:33,506 [INFO] CADModel:165 - CPN selected for project levelSTM32F411RET6
2024-02-07 15:06:33,507 [INFO] CADModel:114 - Register for checkConnection events
2024-02-07 15:06:33,547 [INFO] OpenFileManager:343 - Restore cursor
2024-02-07 15:07:01,142 [ERROR] LogOutputStream:75 - [STDERR_REDIRECT] Feb 07, 2024 3:07:01 PM java.util.prefs.FileSystemPreferences checkLockFile0ErrorCode
2024-02-07 15:07:01,142 [ERROR] LogOutputStream:75 - [STDERR_REDIRECT] WARNING: Could not lock System prefs. Unix error code 0.
2024-02-07 15:07:01,142 [ERROR] LogOutputStream:75 - [STDERR_REDIRECT] 
2024-02-07 15:07:01,143 [ERROR] LogOutputStream:75 - [STDERR_REDIRECT] Feb 07, 2024 3:07:01 PM java.util.prefs.FileSystemPreferences syncWorld
2024-02-07 15:07:01,143 [ERROR] LogOutputStream:75 - [STDERR_REDIRECT] WARNING: Couldn't flush system prefs: java.util.prefs.BackingStoreException: Couldn't get file lock.
2024-02-07 15:07:01,143 [ERROR] LogOutputStream:75 - [STDERR_REDIRECT] 
2024-02-07 15:07:31,140 [ERROR] LogOutputStream:75 - [STDERR_REDIRECT] Feb 07, 2024 3:07:31 PM java.util.prefs.FileSystemPreferences checkLockFile0ErrorCode
2024-02-07 15:07:31,140 [ERROR] LogOutputStream:75 - [STDERR_REDIRECT] WARNING: Could not lock System prefs. Unix error code 0.
2024-02-07 15:07:31,140 [ERROR] LogOutputStream:75 - [STDERR_REDIRECT] 
2024-02-07 15:07:31,140 [ERROR] LogOutputStream:75 - [STDERR_REDIRECT] Feb 07, 2024 3:07:31 PM java.util.prefs.FileSystemPreferences syncWorld
2024-02-07 15:07:31,140 [ERROR] LogOutputStream:75 - [STDERR_REDIRECT] WARNING: Couldn't flush system prefs: java.util.prefs.BackingStoreException: Couldn't get file lock.
2024-02-07 15:07:31,140 [ERROR] LogOutputStream:75 - [STDERR_REDIRECT] 
2024-02-07 15:07:33,546 [INFO] UtilMem:75 - End SaveConfig() Used Memory: 904688912 Bytes (1073741824)
2024-02-07 15:07:34,663 [INFO] UtilMem:75 - End SaveConfig() Used Memory: 602567960 Bytes (1073741824)
2024-02-07 15:07:38,423 [INFO] UtilMem:75 - End SaveConfig() Used Memory: 877032744 Bytes (1073741824)
2024-02-07 15:07:38,874 [INFO] BlockDiagram:2759 - set Specific Code input for plugin: NVIC
2024-02-07 15:07:38,875 [INFO] BlockDiagram:2759 - set Specific Code input for plugin: USART
2024-02-07 15:07:38,875 [INFO] BlockDiagram:2759 - set Specific Code input for plugin: SYS
2024-02-07 15:07:38,875 [INFO] BlockDiagram:2759 - set Specific Code input for plugin: GPIO
2024-02-07 15:07:38,875 [INFO] BlockDiagram:2759 - set Specific Code input for plugin: ADC
2024-02-07 15:07:38,875 [INFO] BlockDiagram:2759 - set Specific Code input for plugin: RCC
2024-02-07 15:07:38,876 [INFO] CodeGenerator:807 - code generatio: config db path: /opt/stm32cubeide/plugins/com.st.stm32cube.common.mx_6.10.0.202311202037//db/
2024-02-07 15:07:39,216 [INFO] CodeEngine:255 - oldGeneratedFile, /home/patrick/Workspaces/Study/EmbeddedSystemLab/Lab04-02/MXTmpFiles/license.tmp_save
2024-02-07 15:07:39,496 [INFO] CodeEngine:279 - Generated code: /home/patrick/Workspaces/Study/EmbeddedSystemLab/Lab04-02/MXTmpFiles/license.tmp
2024-02-07 15:07:39,543 [INFO] CodeEngine:255 - oldGeneratedFile, /home/patrick/Workspaces/Study/EmbeddedSystemLab/Lab04-02/MXTmpFiles/gpio.tmp_save
2024-02-07 15:07:39,690 [INFO] CodeEngine:279 - Generated code: /home/patrick/Workspaces/Study/EmbeddedSystemLab/Lab04-02/MXTmpFiles/gpio.tmp
2024-02-07 15:07:39,804 [INFO] CodeEngine:255 - oldGeneratedFile, /home/patrick/Workspaces/Study/EmbeddedSystemLab/Lab04-02/Core/Src/stm32f4xx_it.c_save
2024-02-07 15:07:39,922 [INFO] CodeEngine:279 - Generated code: /home/patrick/Workspaces/Study/EmbeddedSystemLab/Lab04-02/Core/Src/stm32f4xx_it.c
2024-02-07 15:07:39,924 [INFO] CodeEngine:255 - oldGeneratedFile, /home/patrick/Workspaces/Study/EmbeddedSystemLab/Lab04-02/Core/Inc/stm32f4xx_it.h_save
2024-02-07 15:07:39,995 [INFO] CodeEngine:279 - Generated code: /home/patrick/Workspaces/Study/EmbeddedSystemLab/Lab04-02/Core/Inc/stm32f4xx_it.h
2024-02-07 15:07:39,999 [INFO] CodeEngine:255 - oldGeneratedFile, /home/patrick/Workspaces/Study/EmbeddedSystemLab/Lab04-02/Core/Src/stm32f4xx_hal_msp.c_save
2024-02-07 15:07:40,120 [INFO] CodeEngine:279 - Generated code: /home/patrick/Workspaces/Study/EmbeddedSystemLab/Lab04-02/Core/Src/stm32f4xx_hal_msp.c
2024-02-07 15:07:40,123 [INFO] CodeEngine:255 - oldGeneratedFile, /home/patrick/Workspaces/Study/EmbeddedSystemLab/Lab04-02/MXTmpFiles/system.tmp_save
2024-02-07 15:07:40,184 [INFO] CodeEngine:279 - Generated code: /home/patrick/Workspaces/Study/EmbeddedSystemLab/Lab04-02/MXTmpFiles/system.tmp
2024-02-07 15:07:40,188 [INFO] CodeEngine:311 - oldGeneratedFile, /home/patrick/Workspaces/Study/EmbeddedSystemLab/Lab04-02/Core/Inc/stm32f4xx_hal_conf.h_save
2024-02-07 15:07:40,254 [INFO] CodeEngine:335 - Generated code: /home/patrick/Workspaces/Study/EmbeddedSystemLab/Lab04-02/Core/Inc/stm32f4xx_hal_conf.h
2024-02-07 15:07:40,283 [INFO] CodeEngine:255 - oldGeneratedFile, /home/patrick/Workspaces/Study/EmbeddedSystemLab/Lab04-02/Core/Inc/main.h_save
2024-02-07 15:07:40,350 [INFO] CodeEngine:279 - Generated code: /home/patrick/Workspaces/Study/EmbeddedSystemLab/Lab04-02/Core/Inc/main.h
2024-02-07 15:07:40,352 [INFO] CodeEngine:255 - oldGeneratedFile, /home/patrick/Workspaces/Study/EmbeddedSystemLab/Lab04-02/Core/Src/main.c_save
2024-02-07 15:07:40,485 [INFO] CodeEngine:279 - Generated code: /home/patrick/Workspaces/Study/EmbeddedSystemLab/Lab04-02/Core/Src/main.c
2024-02-07 15:07:40,969 [INFO] ProjectBuilder:3076 - Time for Copy HAL[1] : 54mS.
2024-02-07 15:07:40,973 [INFO] ProjectBuilder:4485 - Project Generator version: 4.2.0-B44
2024-02-07 15:07:41,196 [INFO] ConfigFileManager:1495 - The Die is : DIE431
2024-02-07 15:07:41,207 [INFO] ApiDbMcu:508 - Load IP Config File for FATFS
2024-02-07 15:07:41,213 [INFO] ApiDbMcu:508 - Load IP Config File for FREERTOS
2024-02-07 15:07:41,215 [INFO] ApiDbMcu:508 - Load IP Config File for LIBJPEG
2024-02-07 15:07:41,221 [INFO] ApiDbMcu:508 - Load IP Config File for MBEDTLS
2024-02-07 15:07:41,228 [INFO] ApiDbMcu:508 - Load IP Config File for USB_DEVICE
2024-02-07 15:07:41,233 [INFO] ApiDbMcu:508 - Load IP Config File for USB_HOST
2024-02-07 15:07:41,817 [INFO] LogOutputStream:77 - [STDOUT_REDIRECT] 
2024-02-07 15:07:42,432 [INFO] ProjectBuilder:4747 - Time for Generating toolchain IDE Files: 1459mS.
2024-02-07 15:07:42,433 [INFO] ProjectBuilder:2947 - Time for Copy CMSIS : 0mS.
2024-02-07 15:07:42,434 [INFO] ProjectBuilder:2947 - Time for Copy CMSIS : 0mS.
2024-02-07 15:08:01,141 [ERROR] LogOutputStream:75 - [STDERR_REDIRECT] Feb 07, 2024 3:08:01 PM java.util.prefs.FileSystemPreferences checkLockFile0ErrorCode
2024-02-07 15:08:01,142 [ERROR] LogOutputStream:75 - [STDERR_REDIRECT] WARNING: Could not lock System prefs. Unix error code 0.
2024-02-07 15:08:01,142 [ERROR] LogOutputStream:75 - [STDERR_REDIRECT] 
2024-02-07 15:08:01,142 [ERROR] LogOutputStream:75 - [STDERR_REDIRECT] Feb 07, 2024 3:08:01 PM java.util.prefs.FileSystemPreferences syncWorld
2024-02-07 15:08:01,142 [ERROR] LogOutputStream:75 - [STDERR_REDIRECT] WARNING: Couldn't flush system prefs: java.util.prefs.BackingStoreException: Couldn't get file lock.
2024-02-07 15:08:01,142 [ERROR] LogOutputStream:75 - [STDERR_REDIRECT] 
2024-02-07 15:08:31,142 [ERROR] LogOutputStream:75 - [STDERR_REDIRECT] Feb 07, 2024 3:08:31 PM java.util.prefs.FileSystemPreferences checkLockFile0ErrorCode
2024-02-07 15:08:31,142 [ERROR] LogOutputStream:75 - [STDERR_REDIRECT] WARNING: Could not lock System prefs. Unix error code 0.
2024-02-07 15:08:31,142 [ERROR] LogOutputStream:75 - [STDERR_REDIRECT] 
2024-02-07 15:08:31,142 [ERROR] LogOutputStream:75 - [STDERR_REDIRECT] Feb 07, 2024 3:08:31 PM java.util.prefs.FileSystemPreferences syncWorld
2024-02-07 15:08:31,142 [ERROR] LogOutputStream:75 - [STDERR_REDIRECT] WARNING: Couldn't flush system prefs: java.util.prefs.BackingStoreException: Couldn't get file lock.
2024-02-07 15:08:31,142 [ERROR] LogOutputStream:75 - [STDERR_REDIRECT] 
2024-02-07 15:08:35,999 [ERROR] LogOutputStream:75 - [STDERR_REDIRECT] 
