2024-02-20 17:19:41,433 [INFO] Activator:176 - 


2024-02-20 17:19:41,437 [INFO] Activator:177 - !SESSION log4j initialized
2024-02-20 17:19:44,224 [INFO] LogOutputStream:77 - [STDOUT_REDIRECT] 
2024-02-20 17:19:51,865 [ERROR] ConfigurationRetriever:142 - IOException on connection: sw-center.st.com
2024-02-20 17:19:51,865 [ERROR] ConfigurationRetriever:142 - IOException on connection: sw-center.st.com
2024-02-20 17:19:51,866 [ERROR] ConfigurationRetriever:142 - IOException on connection: sw-center.st.com
2024-02-20 17:19:52,113 [INFO] ApplicationProperties:184 - Using Application install path: /opt/stm32cubeide/plugins/com.st.stm32cube.common.mx_6.10.0.202311202037
2024-02-20 17:19:52,128 [INFO] DbMcusXml:78 - Set database path to: /opt/stm32cubeide/plugins/com.st.stm32cube.common.mx_6.10.0.202311202037//db//mcu/
2024-02-20 17:19:52,128 [INFO] ApiDb:274 - Set plugin database path to: /opt/stm32cubeide/plugins/com.st.stm32cube.common.mx_6.10.0.202311202037//db//plugins/boardmanager/
2024-02-20 17:19:52,128 [WARN] ApiDb:259 - Overriding images path with different value:  => /opt/stm32cubeide/plugins/com.st.stm32cube.common.mx_6.10.0.202311202037//db//plugins/mcufinder/images/
2024-02-20 17:19:52,133 [INFO] ApiDb:250 - Set database path to: /home/patrick/.stmcufinder/plugins/mcufinder//mcu/
2024-02-20 17:19:52,135 [INFO] DbMcusAds:125 - Set database path to: /home/patrick/.stmcufinder/plugins/mcufinder//mcu/
2024-02-20 17:19:52,136 [INFO] CrossReferenceDbSqlite:203 - Set database path to: /home/patrick/.stmcufinder/plugins/mcufinder//mcu/cs/
2024-02-20 17:19:52,241 [INFO] RulesReader:64 - Compatibility file has been processed (297 Rules)
2024-02-20 17:19:52,297 [INFO] DbMcusXml:78 - Set database path to: /opt/stm32cubeide/plugins/com.st.stm32cube.common.mx_6.10.0.202311202037//db//mcu/
2024-02-20 17:19:52,298 [INFO] ApiDb:274 - Set plugin database path to: /opt/stm32cubeide/plugins/com.st.stm32cube.common.mx_6.10.0.202311202037//db//plugins/boardmanager/
2024-02-20 17:19:52,298 [INFO] ApiDb:261 - Set plugin images path to: /opt/stm32cubeide/plugins/com.st.stm32cube.common.mx_6.10.0.202311202037//db//plugins/mcufinder/images/
2024-02-20 17:19:52,298 [WARN] DbFile:41 - Overriding database path with different value: /home/patrick/.stmcufinder/plugins/mcufinder/ => /home/patrick/.stmcufinder/plugins/mcufinder
2024-02-20 17:19:52,298 [INFO] ApiDb:250 - Set database path to: /home/patrick/.stmcufinder/plugins/mcufinder//mcu/
2024-02-20 17:19:52,298 [WARN] DbFile:41 - Overriding database path with different value: /home/patrick/.stmcufinder/plugins/mcufinder/ => /home/patrick/.stmcufinder/plugins/mcufinder
2024-02-20 17:19:52,298 [INFO] DbMcusAds:125 - Set database path to: /home/patrick/.stmcufinder/plugins/mcufinder//mcu/
2024-02-20 17:19:52,298 [WARN] DbFile:41 - Overriding database path with different value: /home/patrick/.stmcufinder/plugins/mcufinder/ => /home/patrick/.stmcufinder/plugins/mcufinder
2024-02-20 17:19:52,298 [WARN] DbFile:41 - Overriding database path with different value: /home/patrick/.stmcufinder/plugins/mcufinder/ => /home/patrick/.stmcufinder/plugins/mcufinder
2024-02-20 17:19:52,299 [INFO] CrossReferenceDbSqlite:203 - Set database path to: /home/patrick/.stmcufinder/plugins/mcufinder//mcu/cs/
2024-02-20 17:19:52,351 [INFO] MainPanel:264 - HeapMemory: 591396864
2024-02-20 17:19:52,405 [INFO] DbMcusXml:78 - Set database path to: /opt/stm32cubeide/plugins/com.st.stm32cube.common.mx_6.10.0.202311202037//db//mcu/
2024-02-20 17:19:52,405 [INFO] ApiDb:274 - Set plugin database path to: /opt/stm32cubeide/plugins/com.st.stm32cube.common.mx_6.10.0.202311202037//db//plugins/boardmanager/
2024-02-20 17:19:52,405 [INFO] ApiDb:261 - Set plugin images path to: /opt/stm32cubeide/plugins/com.st.stm32cube.common.mx_6.10.0.202311202037//db//plugins/mcufinder/images/
2024-02-20 17:19:52,405 [WARN] DbFile:41 - Overriding database path with different value: /home/patrick/.stmcufinder/plugins/mcufinder/ => /home/patrick/.stmcufinder/plugins/mcufinder
2024-02-20 17:19:52,405 [INFO] ApiDb:250 - Set database path to: /home/patrick/.stmcufinder/plugins/mcufinder//mcu/
2024-02-20 17:19:52,405 [WARN] DbFile:41 - Overriding database path with different value: /home/patrick/.stmcufinder/plugins/mcufinder/ => /home/patrick/.stmcufinder/plugins/mcufinder
2024-02-20 17:19:52,406 [INFO] DbMcusAds:125 - Set database path to: /home/patrick/.stmcufinder/plugins/mcufinder//mcu/
2024-02-20 17:19:52,406 [WARN] DbFile:41 - Overriding database path with different value: /home/patrick/.stmcufinder/plugins/mcufinder/ => /home/patrick/.stmcufinder/plugins/mcufinder
2024-02-20 17:19:52,406 [WARN] DbFile:41 - Overriding database path with different value: /home/patrick/.stmcufinder/plugins/mcufinder/ => /home/patrick/.stmcufinder/plugins/mcufinder
2024-02-20 17:19:52,406 [INFO] CrossReferenceDbSqlite:203 - Set database path to: /home/patrick/.stmcufinder/plugins/mcufinder//mcu/cs/
2024-02-20 17:19:52,416 [INFO] ApplicationProperties:184 - Using Application install path: /opt/stm32cubeide/plugins/com.st.stm32cube.common.mx_6.10.0.202311202037
2024-02-20 17:19:52,417 [INFO] PluginManage:196 - Search for loadable plugins [exclusion list=, ]
2024-02-20 17:19:52,418 [INFO] PluginManage:310 - Check plugin analytics
2024-02-20 17:19:59,866 [INFO] AnalyticsPlugin:253 - Accepted Software Licenses: 
2024-02-20 17:19:59,866 [INFO] AnalyticsPlugin:255 - Accepted CMSIS Pack Licenses: 
2024-02-20 17:19:59,866 [INFO] AnalyticsPlugin:257 - Accepted Firmware Licenses: FW.F4.1.28.0
2024-02-20 17:19:59,868 [INFO] PluginManage:359 - Loaded plugin analytics (category:tool,tabindex:-1)
2024-02-20 17:19:59,868 [ERROR] ConfigurationRetriever:142 - IOException on connection: sw-center.st.com
2024-02-20 17:19:59,868 [INFO] PluginManage:310 - Check plugin cadmodel
2024-02-20 17:19:59,869 [ERROR] ConfigurationRetriever:142 - IOException on connection: sw-center.st.com
2024-02-20 17:19:59,869 [ERROR] ConfigurationRetriever:142 - IOException on connection: sw-center.st.com
2024-02-20 17:19:59,983 [INFO] CADModel:105 - Init CAD model plugin
2024-02-20 17:19:59,983 [INFO] PluginManage:359 - Loaded plugin cadmodel (category:power,tabindex:5)
2024-02-20 17:19:59,983 [INFO] PluginManage:310 - Check plugin clock
2024-02-20 17:19:59,990 [INFO] PluginManage:359 - Loaded plugin clock (category:base,tabindex:2)
2024-02-20 17:19:59,990 [INFO] PluginManage:310 - Check plugin ddr
2024-02-20 17:19:59,991 [INFO] PluginManage:359 - Loaded plugin ddr (category:tool,tabindex:6)
2024-02-20 17:19:59,992 [INFO] PluginManage:310 - Check plugin filemanager
2024-02-20 17:20:00,069 [INFO] PluginManage:359 - Loaded plugin filemanager (category:base,tabindex:10)
2024-02-20 17:20:00,070 [INFO] PluginManage:310 - Check plugin ipmanager
2024-02-20 17:20:00,073 [INFO] PluginManage:359 - Loaded plugin ipmanager (category:base,tabindex:5)
2024-02-20 17:20:00,073 [INFO] PluginManage:310 - Check plugin lpbam
2024-02-20 17:20:00,079 [INFO] PluginManage:359 - Loaded plugin lpbam (category:base,tabindex:0)
2024-02-20 17:20:00,079 [INFO] PluginManage:310 - Check plugin memorymap
2024-02-20 17:20:00,087 [INFO] PluginManage:359 - Loaded plugin memorymap (category:base,tabindex:4)
2024-02-20 17:20:00,087 [INFO] PluginManage:310 - Check plugin pinoutandconfiguration
2024-02-20 17:20:00,093 [INFO] PluginManage:359 - Loaded plugin pinoutandconfiguration (category:base,tabindex:1)
2024-02-20 17:20:00,093 [INFO] PluginManage:310 - Check plugin pinoutconfig
2024-02-20 17:20:00,151 [WARN] SupportedApi:132 - Cannot load RTOS API schema: s4s-elt-must-match.1: The content of 'definitions' must match (annotation?, (simpleType | complexType)?, (unique | key | keyref)*)). A problem was found starting at: attribute.
2024-02-20 17:20:00,252 [INFO] PluginManage:359 - Loaded plugin pinoutconfig (category:base,tabindex:0)
2024-02-20 17:20:00,252 [INFO] PluginManage:310 - Check plugin power
2024-02-20 17:20:00,259 [INFO] PluginManage:359 - Loaded plugin power (category:power,tabindex:4)
2024-02-20 17:20:00,259 [INFO] PluginManage:310 - Check plugin projectmanager
2024-02-20 17:20:00,269 [INFO] PluginManage:359 - Loaded plugin projectmanager (category:projectmanager,tabindex:3)
2024-02-20 17:20:00,270 [INFO] PluginManage:310 - Check plugin thirdparty
2024-02-20 17:20:00,368 [INFO] PluginManage:359 - Loaded plugin thirdparty (category:base,tabindex:-1)
2024-02-20 17:20:00,368 [WARN] IntegrityCheckThread:84 - waiting for thirdparty lock release [integrity check]
2024-02-20 17:20:00,368 [INFO] PluginManage:310 - Check plugin tools
2024-02-20 17:20:00,368 [INFO] IntegrityCheckThread:86 - entering critical section [integrity check]
2024-02-20 17:20:00,369 [INFO] ThirdPartyUpdaterWithRetryManager:70 - Updater plugin not ready yet. [1/15]
2024-02-20 17:20:00,370 [INFO] PluginManage:359 - Loaded plugin tools (category:base,tabindex:7)
2024-02-20 17:20:00,370 [INFO] PluginManage:310 - Check plugin tutovideos
2024-02-20 17:20:00,497 [INFO] PluginManage:359 - Loaded plugin tutovideos (category:base,tabindex:-1)
2024-02-20 17:20:00,498 [INFO] PluginManage:310 - Check plugin updater
2024-02-20 17:20:00,506 [INFO] PluginManage:359 - Loaded plugin updater (category:base,tabindex:12)
2024-02-20 17:20:00,507 [INFO] PluginManage:310 - Check plugin userauth
2024-02-20 17:20:00,510 [INFO] UserAuth:114 - Init User Auth plugin
2024-02-20 17:20:00,510 [INFO] PluginManage:359 - Loaded plugin userauth (category:base,tabindex:14)
2024-02-20 17:20:00,511 [INFO] PluginManage:283 - PluginManage : Loaded plugins [17]
2024-02-20 17:20:00,619 [INFO] PinOutPanel:1499 - setPackage(No Configuration,No Configuration)
2024-02-20 17:20:00,655 [INFO] CADModel:165 - CPN selected for project level
2024-02-20 17:20:00,655 [INFO] CADModel:114 - Register for checkConnection events
2024-02-20 17:20:00,667 [INFO] IPUIPlugin:80 - create IPUIPlugin
2024-02-20 17:20:00,667 [INFO] PluginManager:220 - loadIPPluginJar : add adc
2024-02-20 17:20:00,669 [INFO] IPUIPlugin:80 - create IPUIPlugin
2024-02-20 17:20:00,669 [INFO] PluginManager:220 - loadIPPluginJar : add aes
2024-02-20 17:20:00,671 [INFO] IPUIPlugin:80 - create IPUIPlugin
2024-02-20 17:20:00,671 [INFO] PluginManager:220 - loadIPPluginJar : add can
2024-02-20 17:20:00,672 [INFO] IPUIPlugin:80 - create IPUIPlugin
2024-02-20 17:20:00,672 [INFO] PluginManager:220 - loadIPPluginJar : add comp
2024-02-20 17:20:00,674 [INFO] IPUIPlugin:80 - create IPUIPlugin
2024-02-20 17:20:00,674 [INFO] PluginManager:220 - loadIPPluginJar : add cryp
2024-02-20 17:20:00,676 [INFO] IPUIPlugin:80 - create IPUIPlugin
2024-02-20 17:20:00,676 [INFO] PluginManager:220 - loadIPPluginJar : add dfsdm
2024-02-20 17:20:00,680 [INFO] IPUIPlugin:80 - create IPUIPlugin
2024-02-20 17:20:00,680 [INFO] PluginManager:220 - loadIPPluginJar : add dma
2024-02-20 17:20:00,682 [INFO] IPUIPlugin:80 - create IPUIPlugin
2024-02-20 17:20:00,682 [INFO] PluginManager:220 - loadIPPluginJar : add dma3
2024-02-20 17:20:00,682 [INFO] IPUIPlugin:80 - create IPUIPlugin
2024-02-20 17:20:00,682 [INFO] PluginManager:220 - loadIPPluginJar : add fatfs
2024-02-20 17:20:00,685 [INFO] IPUIPlugin:80 - create IPUIPlugin
2024-02-20 17:20:00,685 [INFO] PluginManager:220 - loadIPPluginJar : add fmc
2024-02-20 17:20:00,688 [INFO] IPUIPlugin:80 - create IPUIPlugin
2024-02-20 17:20:00,689 [INFO] PluginManager:220 - loadIPPluginJar : add freertos
2024-02-20 17:20:00,689 [INFO] IPUIPlugin:80 - create IPUIPlugin
2024-02-20 17:20:00,690 [INFO] PluginManager:220 - loadIPPluginJar : add genericplugin
2024-02-20 17:20:00,691 [INFO] IPUIPlugin:80 - create IPUIPlugin
2024-02-20 17:20:00,691 [INFO] PluginManager:220 - loadIPPluginJar : add gfxmmu
2024-02-20 17:20:00,694 [INFO] IPUIPlugin:80 - create IPUIPlugin
2024-02-20 17:20:00,694 [INFO] PluginManager:220 - loadIPPluginJar : add gic
2024-02-20 17:20:00,696 [INFO] IPUIPlugin:80 - create IPUIPlugin
2024-02-20 17:20:00,697 [INFO] PluginManager:220 - loadIPPluginJar : add gpio
2024-02-20 17:20:00,698 [INFO] IPUIPlugin:80 - create IPUIPlugin
2024-02-20 17:20:00,698 [INFO] PluginManager:220 - loadIPPluginJar : add gtzc
2024-02-20 17:20:00,699 [INFO] IPUIPlugin:80 - create IPUIPlugin
2024-02-20 17:20:00,699 [INFO] PluginManager:220 - loadIPPluginJar : add hash
2024-02-20 17:20:00,700 [INFO] IPUIPlugin:80 - create IPUIPlugin
2024-02-20 17:20:00,701 [INFO] PluginManager:220 - loadIPPluginJar : add i2c
2024-02-20 17:20:00,702 [INFO] IPUIPlugin:80 - create IPUIPlugin
2024-02-20 17:20:00,702 [INFO] PluginManager:220 - loadIPPluginJar : add i2s
2024-02-20 17:20:00,703 [INFO] IPUIPlugin:80 - create IPUIPlugin
2024-02-20 17:20:00,703 [INFO] PluginManager:220 - loadIPPluginJar : add i3c
2024-02-20 17:20:00,705 [INFO] IPUIPlugin:80 - create IPUIPlugin
2024-02-20 17:20:00,705 [INFO] PluginManager:220 - loadIPPluginJar : add ipddr
2024-02-20 17:20:00,708 [INFO] IPUIPlugin:80 - create IPUIPlugin
2024-02-20 17:20:00,708 [INFO] PluginManager:220 - loadIPPluginJar : add linkedlist
2024-02-20 17:20:00,710 [INFO] IPUIPlugin:80 - create IPUIPlugin
2024-02-20 17:20:00,710 [INFO] PluginManager:220 - loadIPPluginJar : add lorawan
2024-02-20 17:20:00,711 [INFO] IPUIPlugin:80 - create IPUIPlugin
2024-02-20 17:20:00,711 [INFO] PluginManager:220 - loadIPPluginJar : add ltdc
2024-02-20 17:20:00,715 [INFO] IPUIPlugin:80 - create IPUIPlugin
2024-02-20 17:20:00,715 [INFO] PluginManager:220 - loadIPPluginJar : add mdma
2024-02-20 17:20:00,717 [INFO] IPUIPlugin:80 - create IPUIPlugin
2024-02-20 17:20:00,718 [INFO] PluginManager:220 - loadIPPluginJar : add nvic
2024-02-20 17:20:00,719 [INFO] IPUIPlugin:80 - create IPUIPlugin
2024-02-20 17:20:00,719 [INFO] PluginManager:220 - loadIPPluginJar : add opamp
2024-02-20 17:20:00,720 [INFO] IPUIPlugin:80 - create IPUIPlugin
2024-02-20 17:20:00,721 [INFO] PluginManager:220 - loadIPPluginJar : add openamp
2024-02-20 17:20:00,722 [INFO] IPUIPlugin:80 - create IPUIPlugin
2024-02-20 17:20:00,722 [INFO] PluginManager:220 - loadIPPluginJar : add pdm2pcm
2024-02-20 17:20:00,726 [INFO] IPUIPlugin:80 - create IPUIPlugin
2024-02-20 17:20:00,727 [INFO] PluginManager:220 - loadIPPluginJar : add plateformsettings
2024-02-20 17:20:00,728 [INFO] IPUIPlugin:80 - create IPUIPlugin
2024-02-20 17:20:00,728 [INFO] PluginManager:220 - loadIPPluginJar : add quadspi
2024-02-20 17:20:00,730 [INFO] IPUIPlugin:80 - create IPUIPlugin
2024-02-20 17:20:00,730 [INFO] PluginManager:220 - loadIPPluginJar : add resmgrutility
2024-02-20 17:20:00,732 [INFO] IPUIPlugin:80 - create IPUIPlugin
2024-02-20 17:20:00,732 [INFO] PluginManager:220 - loadIPPluginJar : add sai
2024-02-20 17:20:00,733 [INFO] IPUIPlugin:80 - create IPUIPlugin
2024-02-20 17:20:00,733 [INFO] PluginManager:220 - loadIPPluginJar : add spi
2024-02-20 17:20:00,735 [INFO] IPUIPlugin:80 - create IPUIPlugin
2024-02-20 17:20:00,735 [INFO] PluginManager:220 - loadIPPluginJar : add stm32_wpan
2024-02-20 17:20:00,736 [INFO] IPUIPlugin:80 - create IPUIPlugin
2024-02-20 17:20:00,736 [INFO] PluginManager:220 - loadIPPluginJar : add tim
2024-02-20 17:20:00,738 [INFO] IPUIPlugin:80 - create IPUIPlugin
2024-02-20 17:20:00,738 [INFO] PluginManager:220 - loadIPPluginJar : add touchsensing
2024-02-20 17:20:00,739 [INFO] IPUIPlugin:80 - create IPUIPlugin
2024-02-20 17:20:00,739 [INFO] PluginManager:220 - loadIPPluginJar : add tracer_emb
2024-02-20 17:20:00,740 [INFO] IPUIPlugin:80 - create IPUIPlugin
2024-02-20 17:20:00,740 [INFO] PluginManager:220 - loadIPPluginJar : add ts
2024-02-20 17:20:00,741 [INFO] IPUIPlugin:80 - create IPUIPlugin
2024-02-20 17:20:00,741 [INFO] PluginManager:220 - loadIPPluginJar : add tsc
2024-02-20 17:20:00,742 [INFO] IPUIPlugin:80 - create IPUIPlugin
2024-02-20 17:20:00,742 [INFO] PluginManager:220 - loadIPPluginJar : add ucpd
2024-02-20 17:20:00,743 [INFO] IPUIPlugin:80 - create IPUIPlugin
2024-02-20 17:20:00,743 [INFO] PluginManager:220 - loadIPPluginJar : add usart
2024-02-20 17:20:00,744 [INFO] IPUIPlugin:80 - create IPUIPlugin
2024-02-20 17:20:00,744 [INFO] PluginManager:220 - loadIPPluginJar : add usbx
2024-02-20 17:20:00,835 [INFO] CADModel:165 - CPN selected for project level
2024-02-20 17:20:00,835 [INFO] CADModel:114 - Register for checkConnection events
2024-02-20 17:20:00,835 [FATAL] Updater:308 - Updater called before beeing initialized
2024-02-20 17:20:00,835 [ERROR] CADModel:125 - Updater not yet initialized, retry later 
2024-02-20 17:20:00,907 [INFO] CADModel:165 - CPN selected for project level
2024-02-20 17:20:00,907 [INFO] CADModel:114 - Register for checkConnection events
2024-02-20 17:20:00,907 [FATAL] Updater:308 - Updater called before beeing initialized
2024-02-20 17:20:00,907 [ERROR] CADModel:125 - Updater not yet initialized, retry later 
2024-02-20 17:20:00,909 [FATAL] Updater:308 - Updater called before beeing initialized
2024-02-20 17:20:00,961 [FATAL] Updater:308 - Updater called before beeing initialized
2024-02-20 17:20:00,964 [INFO] DbMcusAds:53 - JSON generation date=Wed Nov 29 17:52:27 ICT 2023 (1701255147200)
2024-02-20 17:20:00,964 [FATAL] Updater:308 - Updater called before beeing initialized
2024-02-20 17:20:00,990 [WARN] DetailPanel:346 - Failed to get advertising image, set to default
2024-02-20 17:20:01,055 [FATAL] Updater:308 - Updater called before beeing initialized
2024-02-20 17:20:01,056 [FATAL] Updater:308 - Updater called before beeing initialized
2024-02-20 17:20:01,056 [FATAL] Updater:308 - Updater called before beeing initialized
2024-02-20 17:20:01,056 [WARN] DetailPanel:346 - Failed to get advertising image, set to default
2024-02-20 17:20:01,057 [FATAL] Updater:308 - Updater called before beeing initialized
2024-02-20 17:20:01,078 [ERROR] Updater:1120 - MainUpdater not yet initialized. External WinMGr cannot be set.
2024-02-20 17:20:01,080 [INFO] Updater:1056 - Updater Version found : 6.10.0
2024-02-20 17:20:01,090 [INFO] ApplicationProperties:184 - Using Application install path: /opt/stm32cubeide/plugins/com.st.stm32cube.common.mx_6.10.0.202311202037
2024-02-20 17:20:01,099 [ERROR] LogOutputStream:75 - [STDERR_REDIRECT] Feb 20, 2024 5:20:01 PM java.util.prefs.FileSystemPreferences$2 run
2024-02-20 17:20:01,100 [ERROR] LogOutputStream:75 - [STDERR_REDIRECT] WARNING: Could not create system preferences directory. System preferences are unusable.
2024-02-20 17:20:01,100 [ERROR] LogOutputStream:75 - [STDERR_REDIRECT] 
2024-02-20 17:20:01,203 [INFO] MainUpdater:2873 - connection check result : 22
2024-02-20 17:20:01,203 [INFO] MainUpdater:290 - Updater Check For Update Now.
2024-02-20 17:20:01,203 [INFO] MicroXplorer:498 - Change Database Version : DB.6.0.100
2024-02-20 17:20:01,206 [INFO] McuFinderGlobals:63 - Set McuFinder mode to 2 (CubeIDE integrated)
2024-02-20 17:20:01,242 [INFO] UserAuth:404 - Internet connection configuration mode: 2
2024-02-20 17:20:01,355 [INFO] CheckServerUpdateThread:120 - End of CheckServer Thread
2024-02-20 17:20:03,431 [WARN] PackLoader:240 - Cannot read IP mode file for STMicroelectronics.X-CUBE-SMBUS.2.1.0
2024-02-20 17:20:03,436 [WARN] PackLoader:240 - Cannot read IP mode file for STMicroelectronics.X-CUBE-TOUCHGFX.4.23.0
2024-02-20 17:20:03,456 [WARN] PackLoader:240 - Cannot read IP mode file for STMicroelectronics.X-CUBE-AZRTOS-F7.1.1.0
2024-02-20 17:20:03,465 [WARN] PackLoader:240 - Cannot read IP mode file for STMicroelectronics.FP-SNS-MOTENV1.4.3.2
2024-02-20 17:20:03,472 [WARN] PackLoader:240 - Cannot read IP mode file for STMicroelectronics.FP-SNS-FLIGHT1.5.0.2
2024-02-20 17:20:03,478 [WARN] PackLoader:240 - Cannot read IP mode file for STMicroelectronics.X-CUBE-DISPLAY.3.0.0
2024-02-20 17:20:03,489 [WARN] PackLoader:240 - Cannot read IP mode file for STMicroelectronics.X-CUBE-BLE1.7.0.0
2024-02-20 17:20:03,494 [WARN] PackLoader:240 - Cannot read IP mode file for emotas.I-CUBE-CANOPEN.1.3.0
2024-02-20 17:20:03,499 [WARN] PackLoader:240 - Cannot read IP mode file for STMicroelectronics.FP-SNS-SMARTAG2.1.2.0
2024-02-20 17:20:03,509 [INFO] LogOutputStream:77 - [STDOUT_REDIRECT] 1 : Invalid condition id : UX_CORESTACK_Condition cause : null
2024-02-20 17:20:03,509 [INFO] LogOutputStream:77 - [STDOUT_REDIRECT] 1 : Invalid condition id : UX_CORESTACK_Condition cause : null
2024-02-20 17:20:03,510 [INFO] LogOutputStream:77 - [STDOUT_REDIRECT] 1 : Invalid condition id : UX_CORESTACK_Condition cause : null
2024-02-20 17:20:03,510 [INFO] LogOutputStream:77 - [STDOUT_REDIRECT] 1 : Invalid condition id : UX_CORESTACK_Condition cause : null
2024-02-20 17:20:03,510 [INFO] LogOutputStream:77 - [STDOUT_REDIRECT] 1 : Invalid condition id : UX_CORESTACK_Condition cause : null
2024-02-20 17:20:03,514 [WARN] PackLoader:240 - Cannot read IP mode file for STMicroelectronics.X-CUBE-AZRTOS-WL.2.0.0
2024-02-20 17:20:03,523 [WARN] PackLoader:240 - Cannot read IP mode file for WES.I-CUBE-Cesium.1.3.0
2024-02-20 17:20:03,528 [WARN] PackLoader:240 - Cannot read IP mode file for STMicroelectronics.X-CUBE-BLE2.3.3.0
2024-02-20 17:20:03,534 [WARN] PackLoader:240 - Cannot read IP mode file for STMicroelectronics.X-CUBE-ALGOBUILD.1.3.0
2024-02-20 17:20:03,545 [WARN] PackLoader:240 - Cannot read IP mode file for STMicroelectronics.X-CUBE-AZRTOS-G0.1.1.0
2024-02-20 17:20:03,553 [WARN] PackLoader:240 - Cannot read IP mode file for STMicroelectronics.X-CUBE-NFC4.3.0.0
2024-02-20 17:20:03,563 [WARN] PackLoader:240 - Cannot read IP mode file for STMicroelectronics.X-CUBE-BLEMGR.3.0.0
2024-02-20 17:20:03,570 [WARN] PackLoader:240 - Cannot read IP mode file for STMicroelectronics.FP-ATR-SIGFOX1.3.2.0
2024-02-20 17:20:03,577 [WARN] PackLoader:240 - Cannot read IP mode file for STMicroelectronics.X-CUBE-EEPRMA1.5.1.0
2024-02-20 17:20:03,596 [WARN] PackLoader:240 - Cannot read IP mode file for SEGGER.I-CUBE-embOS.1.3.1
2024-02-20 17:20:03,641 [WARN] PackLoader:240 - Cannot read IP mode file for STMicroelectronics.X-CUBE-GNSS1.6.0.0
2024-02-20 17:20:03,652 [WARN] PackLoader:240 - Cannot read IP mode file for STMicroelectronics.X-CUBE-AZRTOS-F4.1.1.0
2024-02-20 17:20:03,657 [WARN] PackLoader:240 - Cannot read IP mode file for wolfSSL.I-CUBE-wolfSSL.5.6.6
2024-02-20 17:20:03,667 [WARN] PackLoader:240 - Cannot read IP mode file for STMicroelectronics.X-CUBE-AZRTOS-L5.2.0.0
2024-02-20 17:20:03,673 [WARN] PackLoader:240 - Cannot read IP mode file for STMicroelectronics.X-CUBE-EEPRMA1.4.2.0
2024-02-20 17:20:03,679 [WARN] PackLoader:240 - Cannot read IP mode file for ITTIA_DB.I-CUBE-ITTIADB.8.8.0
2024-02-20 17:20:03,684 [WARN] PackLoader:240 - Cannot read IP mode file for STMicroelectronics.X-CUBE-NFC7.1.0.1
2024-02-20 17:20:03,689 [WARN] PackLoader:240 - Cannot read IP mode file for STMicroelectronics.X-CUBE-NFC6.3.0.0
2024-02-20 17:20:03,694 [WARN] PackLoader:240 - Cannot read IP mode file for STMicroelectronics.X-CUBE-AI.8.1.0
2024-02-20 17:20:03,708 [WARN] ConditionMgr:438 - getConditionDescription Invalid condition id : LAN8742 Phy interface Condition cause : null
2024-02-20 17:20:03,709 [WARN] PackLoader:240 - Cannot read IP mode file for STMicroelectronics.X-CUBE-AZRTOS-L4.2.0.0
2024-02-20 17:20:03,711 [WARN] ConditionMgr:1039 - genDependencies : Invalid condition id : LAN8742 Phy interface Condition cause : null
2024-02-20 17:20:03,712 [WARN] ConditionMgr:1039 - genDependencies : Invalid condition id : LAN8742 Phy interface Condition cause : null
2024-02-20 17:20:03,713 [WARN] ConditionMgr:1039 - genDependencies : Invalid condition id : LAN8742 Phy interface Condition cause : null
2024-02-20 17:20:03,720 [WARN] PackLoader:240 - Cannot read IP mode file for STMicroelectronics.X-CUBE-SFXS2LP1.4.0.0
2024-02-20 17:20:03,732 [WARN] ConditionMgr:438 - getConditionDescription Invalid condition id : UX DEVICE CLASS RTOS Condition cause : null
2024-02-20 17:20:03,733 [WARN] ConditionMgr:438 - getConditionDescription Invalid condition id : UX DEVICE CLASS RTOS Condition cause : null
2024-02-20 17:20:03,734 [WARN] PackLoader:240 - Cannot read IP mode file for STMicroelectronics.X-CUBE-AZRTOS-WB.2.0.0
2024-02-20 17:20:03,735 [WARN] ConditionMgr:1039 - genDependencies : Invalid condition id : UX DEVICE CLASS RTOS Condition cause : null
2024-02-20 17:20:03,735 [WARN] ConditionMgr:1039 - genDependencies : Invalid condition id : UX DEVICE CLASS RTOS Condition cause : null
2024-02-20 17:20:03,736 [WARN] ConditionMgr:1039 - genDependencies : Invalid condition id : UX DEVICE CLASS RTOS Condition cause : null
2024-02-20 17:20:03,736 [WARN] ConditionMgr:1039 - genDependencies : Invalid condition id : UX DEVICE CLASS RTOS Condition cause : null
2024-02-20 17:20:03,736 [WARN] ConditionMgr:1039 - genDependencies : Invalid condition id : UX DEVICE CLASS RTOS Condition cause : null
2024-02-20 17:20:03,743 [WARN] PackLoader:240 - Cannot read IP mode file for STMicroelectronics.X-CUBE-SUBG2.5.0.0
2024-02-20 17:20:03,756 [WARN] PackLoader:240 - Cannot read IP mode file for STMicroelectronics.X-CUBE-AZRTOS-G4.2.0.0
2024-02-20 17:20:03,767 [WARN] PackLoader:240 - Cannot read IP mode file for Infineon.AIROC-Wi-Fi-Bluetooth-STM32.1.5.1
2024-02-20 17:20:03,774 [WARN] PackLoader:240 - Cannot read IP mode file for STMicroelectronics.FP-SNS-MOTENVWB1.1.3.1
2024-02-20 17:20:03,776 [WARN] PackLoader:240 - Cannot read IP mode file for STMicroelectronics.X-CUBE-ISPU.2.0.0
2024-02-20 17:20:03,800 [WARN] PackLoader:240 - Cannot read IP mode file for STMicroelectronics.X-CUBE-MEMS1.10.0.0
2024-02-20 17:20:03,951 [WARN] PackLoader:240 - Cannot read IP mode file for STMicroelectronics.X-CUBE-FREERTOS.1.1.0
2024-02-20 17:20:03,955 [WARN] PackLoader:240 - Cannot read IP mode file for portGmbH.I-Cube-SoM-uGOAL.1.1.0
2024-02-20 17:20:03,958 [WARN] PackLoader:240 - Cannot read IP mode file for STMicroelectronics.X-CUBE-ALS.1.0.1
2024-02-20 17:20:03,962 [WARN] PackLoader:240 - Cannot read IP mode file for STMicroelectronics.FP-ATR-ASTRA1.2.0.0
2024-02-20 17:20:03,971 [WARN] PackLoader:240 - Cannot read IP mode file for STMicroelectronics.X-CUBE-TOF1.3.4.0
2024-02-20 17:20:04,004 [WARN] PackLoader:240 - Cannot read IP mode file for STMicroelectronics.X-CUBE-AZRTOS-H7.3.2.0
2024-02-20 17:20:04,010 [INFO] ThirdParty:978 - Integrity check success = true
2024-02-20 17:20:04,010 [INFO] IntegrityCheckThread:100 - exiting critical section [integrity check]
2024-02-20 17:20:04,010 [INFO] IntegrityCheckThread:103 - End integrity checks thread
2024-02-20 17:20:09,160 [ERROR] ConfigurationRetriever:142 - IOException on connection: sw-center.st.com
2024-02-20 17:20:09,161 [ERROR] ConfigurationRetriever:142 - IOException on connection: sw-center.st.com
2024-02-20 17:20:09,161 [ERROR] ConfigurationRetriever:142 - IOException on connection: sw-center.st.com
2024-02-20 17:20:14,887 [ERROR] LogOutputStream:75 - [STDERR_REDIRECT] Feb 20, 2024 5:20:14 PM java.util.prefs.FileSystemPreferences checkLockFile0ErrorCode
2024-02-20 17:20:14,887 [ERROR] LogOutputStream:75 - [STDERR_REDIRECT] WARNING: Could not lock System prefs. Unix error code 32445.
2024-02-20 17:20:14,887 [ERROR] LogOutputStream:75 - [STDERR_REDIRECT] 
2024-02-20 17:20:14,887 [ERROR] LogOutputStream:75 - [STDERR_REDIRECT] Feb 20, 2024 5:20:14 PM java.util.prefs.FileSystemPreferences syncWorld
2024-02-20 17:20:14,887 [ERROR] LogOutputStream:75 - [STDERR_REDIRECT] WARNING: Couldn't flush system prefs: java.util.prefs.BackingStoreException: Couldn't get file lock.
2024-02-20 17:20:14,887 [ERROR] LogOutputStream:75 - [STDERR_REDIRECT] 
2024-02-20 17:20:21,500 [ERROR] LogOutputStream:75 - [STDERR_REDIRECT] SLF4J: Failed to load class "org.slf4j.impl.StaticLoggerBinder".
2024-02-20 17:20:21,501 [ERROR] LogOutputStream:75 - [STDERR_REDIRECT] SLF4J: Defaulting to no-operation (NOP) logger implementation
2024-02-20 17:20:21,501 [ERROR] LogOutputStream:75 - [STDERR_REDIRECT] SLF4J: See http://www.slf4j.org/codes.html#StaticLoggerBinder for further details.
2024-02-20 17:20:44,879 [ERROR] LogOutputStream:75 - [STDERR_REDIRECT] Feb 20, 2024 5:20:44 PM java.util.prefs.FileSystemPreferences checkLockFile0ErrorCode
2024-02-20 17:20:44,879 [ERROR] LogOutputStream:75 - [STDERR_REDIRECT] WARNING: Could not lock System prefs. Unix error code 32445.
2024-02-20 17:20:44,879 [ERROR] LogOutputStream:75 - [STDERR_REDIRECT] 
2024-02-20 17:20:44,880 [ERROR] LogOutputStream:75 - [STDERR_REDIRECT] Feb 20, 2024 5:20:44 PM java.util.prefs.FileSystemPreferences syncWorld
2024-02-20 17:20:44,880 [ERROR] LogOutputStream:75 - [STDERR_REDIRECT] WARNING: Couldn't flush system prefs: java.util.prefs.BackingStoreException: Couldn't get file lock.
2024-02-20 17:20:44,880 [ERROR] LogOutputStream:75 - [STDERR_REDIRECT] 
2024-02-20 17:20:59,253 [ERROR] ConfigurationRetriever:142 - IOException on connection: sw-center.st.com
2024-02-20 17:20:59,253 [ERROR] ConfigurationRetriever:142 - IOException on connection: sw-center.st.com
2024-02-20 17:20:59,254 [ERROR] ConfigurationRetriever:142 - IOException on connection: sw-center.st.com
2024-02-20 17:20:59,887 [ERROR] LogOutputStream:75 - [STDERR_REDIRECT] 
2024-02-20 17:58:55,528 [INFO] Activator:176 - 


2024-02-20 17:58:55,529 [INFO] Activator:177 - !SESSION log4j initialized
2024-02-20 17:58:57,727 [INFO] LogOutputStream:77 - [STDOUT_REDIRECT] 
2024-02-20 17:59:05,414 [ERROR] ConfigurationRetriever:142 - IOException on connection: sw-center.st.com
2024-02-20 17:59:05,415 [ERROR] ConfigurationRetriever:142 - IOException on connection: sw-center.st.com
2024-02-20 17:59:05,415 [ERROR] ConfigurationRetriever:142 - IOException on connection: sw-center.st.com
2024-02-20 17:59:05,654 [INFO] ApplicationProperties:184 - Using Application install path: /opt/stm32cubeide/plugins/com.st.stm32cube.common.mx_6.10.0.202311202037
2024-02-20 17:59:05,663 [INFO] DbMcusXml:78 - Set database path to: /opt/stm32cubeide/plugins/com.st.stm32cube.common.mx_6.10.0.202311202037//db//mcu/
2024-02-20 17:59:05,663 [INFO] ApiDb:274 - Set plugin database path to: /opt/stm32cubeide/plugins/com.st.stm32cube.common.mx_6.10.0.202311202037//db//plugins/boardmanager/
2024-02-20 17:59:05,663 [WARN] ApiDb:259 - Overriding images path with different value:  => /opt/stm32cubeide/plugins/com.st.stm32cube.common.mx_6.10.0.202311202037//db//plugins/mcufinder/images/
2024-02-20 17:59:05,666 [INFO] ApiDb:250 - Set database path to: /home/patrick/.stmcufinder/plugins/mcufinder//mcu/
2024-02-20 17:59:05,667 [INFO] DbMcusAds:125 - Set database path to: /home/patrick/.stmcufinder/plugins/mcufinder//mcu/
2024-02-20 17:59:05,670 [INFO] CrossReferenceDbSqlite:203 - Set database path to: /home/patrick/.stmcufinder/plugins/mcufinder//mcu/cs/
2024-02-20 17:59:05,735 [INFO] RulesReader:64 - Compatibility file has been processed (297 Rules)
2024-02-20 17:59:05,777 [INFO] DbMcusXml:78 - Set database path to: /opt/stm32cubeide/plugins/com.st.stm32cube.common.mx_6.10.0.202311202037//db//mcu/
2024-02-20 17:59:05,777 [INFO] ApiDb:274 - Set plugin database path to: /opt/stm32cubeide/plugins/com.st.stm32cube.common.mx_6.10.0.202311202037//db//plugins/boardmanager/
2024-02-20 17:59:05,777 [INFO] ApiDb:261 - Set plugin images path to: /opt/stm32cubeide/plugins/com.st.stm32cube.common.mx_6.10.0.202311202037//db//plugins/mcufinder/images/
2024-02-20 17:59:05,777 [WARN] DbFile:41 - Overriding database path with different value: /home/patrick/.stmcufinder/plugins/mcufinder/ => /home/patrick/.stmcufinder/plugins/mcufinder
2024-02-20 17:59:05,777 [INFO] ApiDb:250 - Set database path to: /home/patrick/.stmcufinder/plugins/mcufinder//mcu/
2024-02-20 17:59:05,777 [WARN] DbFile:41 - Overriding database path with different value: /home/patrick/.stmcufinder/plugins/mcufinder/ => /home/patrick/.stmcufinder/plugins/mcufinder
2024-02-20 17:59:05,777 [INFO] DbMcusAds:125 - Set database path to: /home/patrick/.stmcufinder/plugins/mcufinder//mcu/
2024-02-20 17:59:05,777 [WARN] DbFile:41 - Overriding database path with different value: /home/patrick/.stmcufinder/plugins/mcufinder/ => /home/patrick/.stmcufinder/plugins/mcufinder
2024-02-20 17:59:05,777 [WARN] DbFile:41 - Overriding database path with different value: /home/patrick/.stmcufinder/plugins/mcufinder/ => /home/patrick/.stmcufinder/plugins/mcufinder
2024-02-20 17:59:05,777 [INFO] CrossReferenceDbSqlite:203 - Set database path to: /home/patrick/.stmcufinder/plugins/mcufinder//mcu/cs/
2024-02-20 17:59:05,817 [INFO] MainPanel:264 - HeapMemory: 268435456
2024-02-20 17:59:05,862 [INFO] DbMcusXml:78 - Set database path to: /opt/stm32cubeide/plugins/com.st.stm32cube.common.mx_6.10.0.202311202037//db//mcu/
2024-02-20 17:59:05,863 [INFO] ApiDb:274 - Set plugin database path to: /opt/stm32cubeide/plugins/com.st.stm32cube.common.mx_6.10.0.202311202037//db//plugins/boardmanager/
2024-02-20 17:59:05,863 [INFO] ApiDb:261 - Set plugin images path to: /opt/stm32cubeide/plugins/com.st.stm32cube.common.mx_6.10.0.202311202037//db//plugins/mcufinder/images/
2024-02-20 17:59:05,863 [WARN] DbFile:41 - Overriding database path with different value: /home/patrick/.stmcufinder/plugins/mcufinder/ => /home/patrick/.stmcufinder/plugins/mcufinder
2024-02-20 17:59:05,863 [INFO] ApiDb:250 - Set database path to: /home/patrick/.stmcufinder/plugins/mcufinder//mcu/
2024-02-20 17:59:05,863 [WARN] DbFile:41 - Overriding database path with different value: /home/patrick/.stmcufinder/plugins/mcufinder/ => /home/patrick/.stmcufinder/plugins/mcufinder
2024-02-20 17:59:05,863 [INFO] DbMcusAds:125 - Set database path to: /home/patrick/.stmcufinder/plugins/mcufinder//mcu/
2024-02-20 17:59:05,863 [WARN] DbFile:41 - Overriding database path with different value: /home/patrick/.stmcufinder/plugins/mcufinder/ => /home/patrick/.stmcufinder/plugins/mcufinder
2024-02-20 17:59:05,863 [WARN] DbFile:41 - Overriding database path with different value: /home/patrick/.stmcufinder/plugins/mcufinder/ => /home/patrick/.stmcufinder/plugins/mcufinder
2024-02-20 17:59:05,863 [INFO] CrossReferenceDbSqlite:203 - Set database path to: /home/patrick/.stmcufinder/plugins/mcufinder//mcu/cs/
2024-02-20 17:59:05,873 [INFO] ApplicationProperties:184 - Using Application install path: /opt/stm32cubeide/plugins/com.st.stm32cube.common.mx_6.10.0.202311202037
2024-02-20 17:59:05,874 [INFO] PluginManage:196 - Search for loadable plugins [exclusion list=, ]
2024-02-20 17:59:05,875 [INFO] PluginManage:310 - Check plugin analytics
2024-02-20 17:59:13,420 [INFO] AnalyticsPlugin:253 - Accepted Software Licenses: 
2024-02-20 17:59:13,420 [INFO] AnalyticsPlugin:255 - Accepted CMSIS Pack Licenses: 
2024-02-20 17:59:13,420 [INFO] AnalyticsPlugin:257 - Accepted Firmware Licenses: FW.F4.1.28.0
2024-02-20 17:59:13,422 [INFO] PluginManage:359 - Loaded plugin analytics (category:tool,tabindex:-1)
2024-02-20 17:59:13,422 [INFO] PluginManage:310 - Check plugin cadmodel
2024-02-20 17:59:13,422 [ERROR] ConfigurationRetriever:142 - IOException on connection: sw-center.st.com
2024-02-20 17:59:13,423 [ERROR] ConfigurationRetriever:142 - IOException on connection: sw-center.st.com
2024-02-20 17:59:13,423 [ERROR] ConfigurationRetriever:142 - IOException on connection: sw-center.st.com
2024-02-20 17:59:13,435 [INFO] CADModel:105 - Init CAD model plugin
2024-02-20 17:59:13,435 [INFO] PluginManage:359 - Loaded plugin cadmodel (category:power,tabindex:5)
2024-02-20 17:59:13,435 [INFO] PluginManage:310 - Check plugin clock
2024-02-20 17:59:13,440 [INFO] PluginManage:359 - Loaded plugin clock (category:base,tabindex:2)
2024-02-20 17:59:13,440 [INFO] PluginManage:310 - Check plugin ddr
2024-02-20 17:59:13,441 [INFO] PluginManage:359 - Loaded plugin ddr (category:tool,tabindex:6)
2024-02-20 17:59:13,442 [INFO] PluginManage:310 - Check plugin filemanager
2024-02-20 17:59:13,512 [INFO] PluginManage:359 - Loaded plugin filemanager (category:base,tabindex:10)
2024-02-20 17:59:13,512 [INFO] PluginManage:310 - Check plugin ipmanager
2024-02-20 17:59:13,515 [INFO] PluginManage:359 - Loaded plugin ipmanager (category:base,tabindex:5)
2024-02-20 17:59:13,515 [INFO] PluginManage:310 - Check plugin lpbam
2024-02-20 17:59:13,520 [INFO] PluginManage:359 - Loaded plugin lpbam (category:base,tabindex:0)
2024-02-20 17:59:13,520 [INFO] PluginManage:310 - Check plugin memorymap
2024-02-20 17:59:13,526 [INFO] PluginManage:359 - Loaded plugin memorymap (category:base,tabindex:4)
2024-02-20 17:59:13,526 [INFO] PluginManage:310 - Check plugin pinoutandconfiguration
2024-02-20 17:59:13,529 [INFO] PluginManage:359 - Loaded plugin pinoutandconfiguration (category:base,tabindex:1)
2024-02-20 17:59:13,530 [INFO] PluginManage:310 - Check plugin pinoutconfig
2024-02-20 17:59:13,578 [WARN] SupportedApi:132 - Cannot load RTOS API schema: s4s-elt-must-match.1: The content of 'definitions' must match (annotation?, (simpleType | complexType)?, (unique | key | keyref)*)). A problem was found starting at: attribute.
2024-02-20 17:59:13,658 [INFO] PluginManage:359 - Loaded plugin pinoutconfig (category:base,tabindex:0)
2024-02-20 17:59:13,658 [INFO] PluginManage:310 - Check plugin power
2024-02-20 17:59:13,663 [INFO] PluginManage:359 - Loaded plugin power (category:power,tabindex:4)
2024-02-20 17:59:13,663 [INFO] PluginManage:310 - Check plugin projectmanager
2024-02-20 17:59:13,673 [INFO] PluginManage:359 - Loaded plugin projectmanager (category:projectmanager,tabindex:3)
2024-02-20 17:59:13,673 [INFO] PluginManage:310 - Check plugin thirdparty
2024-02-20 17:59:13,740 [INFO] PluginManage:359 - Loaded plugin thirdparty (category:base,tabindex:-1)
2024-02-20 17:59:13,740 [WARN] IntegrityCheckThread:84 - waiting for thirdparty lock release [integrity check]
2024-02-20 17:59:13,740 [INFO] PluginManage:310 - Check plugin tools
2024-02-20 17:59:13,740 [INFO] IntegrityCheckThread:86 - entering critical section [integrity check]
2024-02-20 17:59:13,741 [INFO] ThirdPartyUpdaterWithRetryManager:70 - Updater plugin not ready yet. [1/15]
2024-02-20 17:59:13,741 [INFO] PluginManage:359 - Loaded plugin tools (category:base,tabindex:7)
2024-02-20 17:59:13,742 [INFO] PluginManage:310 - Check plugin tutovideos
2024-02-20 17:59:13,838 [INFO] PluginManage:359 - Loaded plugin tutovideos (category:base,tabindex:-1)
2024-02-20 17:59:13,838 [INFO] PluginManage:310 - Check plugin updater
2024-02-20 17:59:13,843 [INFO] PluginManage:359 - Loaded plugin updater (category:base,tabindex:12)
2024-02-20 17:59:13,843 [INFO] PluginManage:310 - Check plugin userauth
2024-02-20 17:59:13,845 [INFO] UserAuth:114 - Init User Auth plugin
2024-02-20 17:59:13,846 [INFO] PluginManage:359 - Loaded plugin userauth (category:base,tabindex:14)
2024-02-20 17:59:13,846 [INFO] PluginManage:283 - PluginManage : Loaded plugins [17]
2024-02-20 17:59:13,944 [INFO] PinOutPanel:1499 - setPackage(No Configuration,No Configuration)
2024-02-20 17:59:13,976 [INFO] CADModel:165 - CPN selected for project level
2024-02-20 17:59:13,976 [INFO] CADModel:114 - Register for checkConnection events
2024-02-20 17:59:13,984 [INFO] IPUIPlugin:80 - create IPUIPlugin
2024-02-20 17:59:13,984 [INFO] PluginManager:220 - loadIPPluginJar : add adc
2024-02-20 17:59:13,985 [INFO] IPUIPlugin:80 - create IPUIPlugin
2024-02-20 17:59:13,985 [INFO] PluginManager:220 - loadIPPluginJar : add aes
2024-02-20 17:59:13,987 [INFO] IPUIPlugin:80 - create IPUIPlugin
2024-02-20 17:59:13,987 [INFO] PluginManager:220 - loadIPPluginJar : add can
2024-02-20 17:59:13,988 [INFO] IPUIPlugin:80 - create IPUIPlugin
2024-02-20 17:59:13,988 [INFO] PluginManager:220 - loadIPPluginJar : add comp
2024-02-20 17:59:13,989 [INFO] IPUIPlugin:80 - create IPUIPlugin
2024-02-20 17:59:13,989 [INFO] PluginManager:220 - loadIPPluginJar : add cryp
2024-02-20 17:59:13,990 [INFO] IPUIPlugin:80 - create IPUIPlugin
2024-02-20 17:59:13,990 [INFO] PluginManager:220 - loadIPPluginJar : add dfsdm
2024-02-20 17:59:13,993 [INFO] IPUIPlugin:80 - create IPUIPlugin
2024-02-20 17:59:13,993 [INFO] PluginManager:220 - loadIPPluginJar : add dma
2024-02-20 17:59:13,994 [INFO] IPUIPlugin:80 - create IPUIPlugin
2024-02-20 17:59:13,994 [INFO] PluginManager:220 - loadIPPluginJar : add dma3
2024-02-20 17:59:13,994 [INFO] IPUIPlugin:80 - create IPUIPlugin
2024-02-20 17:59:13,995 [INFO] PluginManager:220 - loadIPPluginJar : add fatfs
2024-02-20 17:59:13,996 [INFO] IPUIPlugin:80 - create IPUIPlugin
2024-02-20 17:59:13,996 [INFO] PluginManager:220 - loadIPPluginJar : add fmc
2024-02-20 17:59:13,999 [INFO] IPUIPlugin:80 - create IPUIPlugin
2024-02-20 17:59:13,999 [INFO] PluginManager:220 - loadIPPluginJar : add freertos
2024-02-20 17:59:14,000 [INFO] IPUIPlugin:80 - create IPUIPlugin
2024-02-20 17:59:14,000 [INFO] PluginManager:220 - loadIPPluginJar : add genericplugin
2024-02-20 17:59:14,000 [INFO] IPUIPlugin:80 - create IPUIPlugin
2024-02-20 17:59:14,001 [INFO] PluginManager:220 - loadIPPluginJar : add gfxmmu
2024-02-20 17:59:14,003 [INFO] IPUIPlugin:80 - create IPUIPlugin
2024-02-20 17:59:14,003 [INFO] PluginManager:220 - loadIPPluginJar : add gic
2024-02-20 17:59:14,004 [INFO] IPUIPlugin:80 - create IPUIPlugin
2024-02-20 17:59:14,005 [INFO] PluginManager:220 - loadIPPluginJar : add gpio
2024-02-20 17:59:14,006 [INFO] IPUIPlugin:80 - create IPUIPlugin
2024-02-20 17:59:14,006 [INFO] PluginManager:220 - loadIPPluginJar : add gtzc
2024-02-20 17:59:14,006 [INFO] IPUIPlugin:80 - create IPUIPlugin
2024-02-20 17:59:14,006 [INFO] PluginManager:220 - loadIPPluginJar : add hash
2024-02-20 17:59:14,007 [INFO] IPUIPlugin:80 - create IPUIPlugin
2024-02-20 17:59:14,007 [INFO] PluginManager:220 - loadIPPluginJar : add i2c
2024-02-20 17:59:14,008 [INFO] IPUIPlugin:80 - create IPUIPlugin
2024-02-20 17:59:14,008 [INFO] PluginManager:220 - loadIPPluginJar : add i2s
2024-02-20 17:59:14,009 [INFO] IPUIPlugin:80 - create IPUIPlugin
2024-02-20 17:59:14,010 [INFO] PluginManager:220 - loadIPPluginJar : add i3c
2024-02-20 17:59:14,011 [INFO] IPUIPlugin:80 - create IPUIPlugin
2024-02-20 17:59:14,011 [INFO] PluginManager:220 - loadIPPluginJar : add ipddr
2024-02-20 17:59:14,014 [INFO] IPUIPlugin:80 - create IPUIPlugin
2024-02-20 17:59:14,014 [INFO] PluginManager:220 - loadIPPluginJar : add linkedlist
2024-02-20 17:59:14,015 [INFO] IPUIPlugin:80 - create IPUIPlugin
2024-02-20 17:59:14,015 [INFO] PluginManager:220 - loadIPPluginJar : add lorawan
2024-02-20 17:59:14,016 [INFO] IPUIPlugin:80 - create IPUIPlugin
2024-02-20 17:59:14,017 [INFO] PluginManager:220 - loadIPPluginJar : add ltdc
2024-02-20 17:59:14,019 [INFO] IPUIPlugin:80 - create IPUIPlugin
2024-02-20 17:59:14,019 [INFO] PluginManager:220 - loadIPPluginJar : add mdma
2024-02-20 17:59:14,020 [INFO] IPUIPlugin:80 - create IPUIPlugin
2024-02-20 17:59:14,021 [INFO] PluginManager:220 - loadIPPluginJar : add nvic
2024-02-20 17:59:14,022 [INFO] IPUIPlugin:80 - create IPUIPlugin
2024-02-20 17:59:14,022 [INFO] PluginManager:220 - loadIPPluginJar : add opamp
2024-02-20 17:59:14,023 [INFO] IPUIPlugin:80 - create IPUIPlugin
2024-02-20 17:59:14,023 [INFO] PluginManager:220 - loadIPPluginJar : add openamp
2024-02-20 17:59:14,024 [INFO] IPUIPlugin:80 - create IPUIPlugin
2024-02-20 17:59:14,024 [INFO] PluginManager:220 - loadIPPluginJar : add pdm2pcm
2024-02-20 17:59:14,026 [INFO] IPUIPlugin:80 - create IPUIPlugin
2024-02-20 17:59:14,028 [INFO] PluginManager:220 - loadIPPluginJar : add plateformsettings
2024-02-20 17:59:14,028 [INFO] IPUIPlugin:80 - create IPUIPlugin
2024-02-20 17:59:14,029 [INFO] PluginManager:220 - loadIPPluginJar : add quadspi
2024-02-20 17:59:14,030 [INFO] IPUIPlugin:80 - create IPUIPlugin
2024-02-20 17:59:14,030 [INFO] PluginManager:220 - loadIPPluginJar : add resmgrutility
2024-02-20 17:59:14,031 [INFO] IPUIPlugin:80 - create IPUIPlugin
2024-02-20 17:59:14,031 [INFO] PluginManager:220 - loadIPPluginJar : add sai
2024-02-20 17:59:14,032 [INFO] IPUIPlugin:80 - create IPUIPlugin
2024-02-20 17:59:14,032 [INFO] PluginManager:220 - loadIPPluginJar : add spi
2024-02-20 17:59:14,034 [INFO] IPUIPlugin:80 - create IPUIPlugin
2024-02-20 17:59:14,034 [INFO] PluginManager:220 - loadIPPluginJar : add stm32_wpan
2024-02-20 17:59:14,035 [INFO] IPUIPlugin:80 - create IPUIPlugin
2024-02-20 17:59:14,035 [INFO] PluginManager:220 - loadIPPluginJar : add tim
2024-02-20 17:59:14,036 [INFO] IPUIPlugin:80 - create IPUIPlugin
2024-02-20 17:59:14,036 [INFO] PluginManager:220 - loadIPPluginJar : add touchsensing
2024-02-20 17:59:14,037 [INFO] IPUIPlugin:80 - create IPUIPlugin
2024-02-20 17:59:14,037 [INFO] PluginManager:220 - loadIPPluginJar : add tracer_emb
2024-02-20 17:59:14,038 [INFO] IPUIPlugin:80 - create IPUIPlugin
2024-02-20 17:59:14,038 [INFO] PluginManager:220 - loadIPPluginJar : add ts
2024-02-20 17:59:14,038 [INFO] IPUIPlugin:80 - create IPUIPlugin
2024-02-20 17:59:14,038 [INFO] PluginManager:220 - loadIPPluginJar : add tsc
2024-02-20 17:59:14,039 [INFO] IPUIPlugin:80 - create IPUIPlugin
2024-02-20 17:59:14,039 [INFO] PluginManager:220 - loadIPPluginJar : add ucpd
2024-02-20 17:59:14,040 [INFO] IPUIPlugin:80 - create IPUIPlugin
2024-02-20 17:59:14,040 [INFO] PluginManager:220 - loadIPPluginJar : add usart
2024-02-20 17:59:14,041 [INFO] IPUIPlugin:80 - create IPUIPlugin
2024-02-20 17:59:14,041 [INFO] PluginManager:220 - loadIPPluginJar : add usbx
2024-02-20 17:59:14,131 [INFO] CADModel:165 - CPN selected for project level
2024-02-20 17:59:14,131 [INFO] CADModel:114 - Register for checkConnection events
2024-02-20 17:59:14,131 [FATAL] Updater:308 - Updater called before beeing initialized
2024-02-20 17:59:14,131 [ERROR] CADModel:125 - Updater not yet initialized, retry later 
2024-02-20 17:59:14,207 [INFO] CADModel:165 - CPN selected for project level
2024-02-20 17:59:14,207 [INFO] CADModel:114 - Register for checkConnection events
2024-02-20 17:59:14,207 [FATAL] Updater:308 - Updater called before beeing initialized
2024-02-20 17:59:14,207 [ERROR] CADModel:125 - Updater not yet initialized, retry later 
2024-02-20 17:59:14,209 [FATAL] Updater:308 - Updater called before beeing initialized
2024-02-20 17:59:14,267 [FATAL] Updater:308 - Updater called before beeing initialized
2024-02-20 17:59:14,276 [INFO] DbMcusAds:53 - JSON generation date=Wed Nov 29 17:52:27 ICT 2023 (1701255147200)
2024-02-20 17:59:14,277 [FATAL] Updater:308 - Updater called before beeing initialized
2024-02-20 17:59:14,303 [WARN] DetailPanel:346 - Failed to get advertising image, set to default
2024-02-20 17:59:14,372 [FATAL] Updater:308 - Updater called before beeing initialized
2024-02-20 17:59:14,373 [FATAL] Updater:308 - Updater called before beeing initialized
2024-02-20 17:59:14,373 [FATAL] Updater:308 - Updater called before beeing initialized
2024-02-20 17:59:14,373 [WARN] DetailPanel:346 - Failed to get advertising image, set to default
2024-02-20 17:59:14,374 [FATAL] Updater:308 - Updater called before beeing initialized
2024-02-20 17:59:14,399 [ERROR] Updater:1120 - MainUpdater not yet initialized. External WinMGr cannot be set.
2024-02-20 17:59:14,400 [INFO] Updater:1056 - Updater Version found : 6.10.0
2024-02-20 17:59:14,412 [INFO] ApplicationProperties:184 - Using Application install path: /opt/stm32cubeide/plugins/com.st.stm32cube.common.mx_6.10.0.202311202037
2024-02-20 17:59:14,422 [ERROR] LogOutputStream:75 - [STDERR_REDIRECT] Feb 20, 2024 5:59:14 PM java.util.prefs.FileSystemPreferences$2 run
2024-02-20 17:59:14,422 [ERROR] LogOutputStream:75 - [STDERR_REDIRECT] WARNING: Could not create system preferences directory. System preferences are unusable.
2024-02-20 17:59:14,422 [ERROR] LogOutputStream:75 - [STDERR_REDIRECT] 
2024-02-20 17:59:14,524 [INFO] MainUpdater:2873 - connection check result : 22
2024-02-20 17:59:14,524 [INFO] MainUpdater:290 - Updater Check For Update Now.
2024-02-20 17:59:14,524 [INFO] MicroXplorer:498 - Change Database Version : DB.6.0.100
2024-02-20 17:59:14,527 [INFO] McuFinderGlobals:63 - Set McuFinder mode to 2 (CubeIDE integrated)
2024-02-20 17:59:14,556 [INFO] UserAuth:404 - Internet connection configuration mode: 2
2024-02-20 17:59:14,671 [INFO] CheckServerUpdateThread:120 - End of CheckServer Thread
2024-02-20 17:59:16,790 [WARN] PackLoader:240 - Cannot read IP mode file for STMicroelectronics.X-CUBE-SMBUS.2.1.0
2024-02-20 17:59:16,794 [WARN] PackLoader:240 - Cannot read IP mode file for STMicroelectronics.X-CUBE-TOUCHGFX.4.23.0
2024-02-20 17:59:16,810 [WARN] PackLoader:240 - Cannot read IP mode file for STMicroelectronics.X-CUBE-AZRTOS-F7.1.1.0
2024-02-20 17:59:16,817 [WARN] PackLoader:240 - Cannot read IP mode file for STMicroelectronics.FP-SNS-MOTENV1.4.3.2
2024-02-20 17:59:16,822 [WARN] PackLoader:240 - Cannot read IP mode file for STMicroelectronics.FP-SNS-FLIGHT1.5.0.2
2024-02-20 17:59:16,827 [WARN] PackLoader:240 - Cannot read IP mode file for STMicroelectronics.X-CUBE-DISPLAY.3.0.0
2024-02-20 17:59:16,837 [WARN] PackLoader:240 - Cannot read IP mode file for STMicroelectronics.X-CUBE-BLE1.7.0.0
2024-02-20 17:59:16,840 [WARN] PackLoader:240 - Cannot read IP mode file for emotas.I-CUBE-CANOPEN.1.3.0
2024-02-20 17:59:16,843 [WARN] PackLoader:240 - Cannot read IP mode file for STMicroelectronics.FP-SNS-SMARTAG2.1.2.0
2024-02-20 17:59:16,849 [INFO] LogOutputStream:77 - [STDOUT_REDIRECT] 1 : Invalid condition id : UX_CORESTACK_Condition cause : null
2024-02-20 17:59:16,850 [INFO] LogOutputStream:77 - [STDOUT_REDIRECT] 1 : Invalid condition id : UX_CORESTACK_Condition cause : null
2024-02-20 17:59:16,850 [INFO] LogOutputStream:77 - [STDOUT_REDIRECT] 1 : Invalid condition id : UX_CORESTACK_Condition cause : null
2024-02-20 17:59:16,850 [INFO] LogOutputStream:77 - [STDOUT_REDIRECT] 1 : Invalid condition id : UX_CORESTACK_Condition cause : null
2024-02-20 17:59:16,850 [INFO] LogOutputStream:77 - [STDOUT_REDIRECT] 1 : Invalid condition id : UX_CORESTACK_Condition cause : null
2024-02-20 17:59:16,852 [WARN] PackLoader:240 - Cannot read IP mode file for STMicroelectronics.X-CUBE-AZRTOS-WL.2.0.0
2024-02-20 17:59:16,858 [WARN] PackLoader:240 - Cannot read IP mode file for WES.I-CUBE-Cesium.1.3.0
2024-02-20 17:59:16,861 [WARN] PackLoader:240 - Cannot read IP mode file for STMicroelectronics.X-CUBE-BLE2.3.3.0
2024-02-20 17:59:16,865 [WARN] PackLoader:240 - Cannot read IP mode file for STMicroelectronics.X-CUBE-ALGOBUILD.1.3.0
2024-02-20 17:59:16,874 [WARN] PackLoader:240 - Cannot read IP mode file for STMicroelectronics.X-CUBE-AZRTOS-G0.1.1.0
2024-02-20 17:59:16,879 [WARN] PackLoader:240 - Cannot read IP mode file for STMicroelectronics.X-CUBE-NFC4.3.0.0
2024-02-20 17:59:16,886 [WARN] PackLoader:240 - Cannot read IP mode file for STMicroelectronics.X-CUBE-BLEMGR.3.0.0
2024-02-20 17:59:16,891 [WARN] PackLoader:240 - Cannot read IP mode file for STMicroelectronics.FP-ATR-SIGFOX1.3.2.0
2024-02-20 17:59:16,894 [WARN] PackLoader:240 - Cannot read IP mode file for STMicroelectronics.X-CUBE-EEPRMA1.5.1.0
2024-02-20 17:59:16,914 [WARN] PackLoader:240 - Cannot read IP mode file for SEGGER.I-CUBE-embOS.1.3.1
2024-02-20 17:59:16,965 [WARN] PackLoader:240 - Cannot read IP mode file for STMicroelectronics.X-CUBE-GNSS1.6.0.0
2024-02-20 17:59:16,980 [WARN] PackLoader:240 - Cannot read IP mode file for STMicroelectronics.X-CUBE-AZRTOS-F4.1.1.0
2024-02-20 17:59:16,986 [WARN] PackLoader:240 - Cannot read IP mode file for wolfSSL.I-CUBE-wolfSSL.5.6.6
2024-02-20 17:59:17,000 [WARN] PackLoader:240 - Cannot read IP mode file for STMicroelectronics.X-CUBE-AZRTOS-L5.2.0.0
2024-02-20 17:59:17,007 [WARN] PackLoader:240 - Cannot read IP mode file for STMicroelectronics.X-CUBE-EEPRMA1.4.2.0
2024-02-20 17:59:17,012 [WARN] PackLoader:240 - Cannot read IP mode file for ITTIA_DB.I-CUBE-ITTIADB.8.8.0
2024-02-20 17:59:17,017 [WARN] PackLoader:240 - Cannot read IP mode file for STMicroelectronics.X-CUBE-NFC7.1.0.1
2024-02-20 17:59:17,022 [WARN] PackLoader:240 - Cannot read IP mode file for STMicroelectronics.X-CUBE-NFC6.3.0.0
2024-02-20 17:59:17,027 [WARN] PackLoader:240 - Cannot read IP mode file for STMicroelectronics.X-CUBE-AI.8.1.0
2024-02-20 17:59:17,037 [WARN] ConditionMgr:438 - getConditionDescription Invalid condition id : LAN8742 Phy interface Condition cause : null
2024-02-20 17:59:17,037 [WARN] PackLoader:240 - Cannot read IP mode file for STMicroelectronics.X-CUBE-AZRTOS-L4.2.0.0
2024-02-20 17:59:17,039 [WARN] ConditionMgr:1039 - genDependencies : Invalid condition id : LAN8742 Phy interface Condition cause : null
2024-02-20 17:59:17,039 [WARN] ConditionMgr:1039 - genDependencies : Invalid condition id : LAN8742 Phy interface Condition cause : null
2024-02-20 17:59:17,039 [WARN] ConditionMgr:1039 - genDependencies : Invalid condition id : LAN8742 Phy interface Condition cause : null
2024-02-20 17:59:17,044 [WARN] PackLoader:240 - Cannot read IP mode file for STMicroelectronics.X-CUBE-SFXS2LP1.4.0.0
2024-02-20 17:59:17,052 [WARN] ConditionMgr:438 - getConditionDescription Invalid condition id : UX DEVICE CLASS RTOS Condition cause : null
2024-02-20 17:59:17,053 [WARN] ConditionMgr:438 - getConditionDescription Invalid condition id : UX DEVICE CLASS RTOS Condition cause : null
2024-02-20 17:59:17,054 [WARN] PackLoader:240 - Cannot read IP mode file for STMicroelectronics.X-CUBE-AZRTOS-WB.2.0.0
2024-02-20 17:59:17,054 [WARN] ConditionMgr:1039 - genDependencies : Invalid condition id : UX DEVICE CLASS RTOS Condition cause : null
2024-02-20 17:59:17,054 [WARN] ConditionMgr:1039 - genDependencies : Invalid condition id : UX DEVICE CLASS RTOS Condition cause : null
2024-02-20 17:59:17,055 [WARN] ConditionMgr:1039 - genDependencies : Invalid condition id : UX DEVICE CLASS RTOS Condition cause : null
2024-02-20 17:59:17,055 [WARN] ConditionMgr:1039 - genDependencies : Invalid condition id : UX DEVICE CLASS RTOS Condition cause : null
2024-02-20 17:59:17,055 [WARN] ConditionMgr:1039 - genDependencies : Invalid condition id : UX DEVICE CLASS RTOS Condition cause : null
2024-02-20 17:59:17,061 [WARN] PackLoader:240 - Cannot read IP mode file for STMicroelectronics.X-CUBE-SUBG2.5.0.0
2024-02-20 17:59:17,075 [WARN] PackLoader:240 - Cannot read IP mode file for STMicroelectronics.X-CUBE-AZRTOS-G4.2.0.0
2024-02-20 17:59:17,082 [WARN] PackLoader:240 - Cannot read IP mode file for Infineon.AIROC-Wi-Fi-Bluetooth-STM32.1.5.1
2024-02-20 17:59:17,088 [WARN] PackLoader:240 - Cannot read IP mode file for STMicroelectronics.FP-SNS-MOTENVWB1.1.3.1
2024-02-20 17:59:17,091 [WARN] PackLoader:240 - Cannot read IP mode file for STMicroelectronics.X-CUBE-ISPU.2.0.0
2024-02-20 17:59:17,114 [WARN] PackLoader:240 - Cannot read IP mode file for STMicroelectronics.X-CUBE-MEMS1.10.0.0
2024-02-20 17:59:17,239 [WARN] PackLoader:240 - Cannot read IP mode file for STMicroelectronics.X-CUBE-FREERTOS.1.1.0
2024-02-20 17:59:17,242 [WARN] PackLoader:240 - Cannot read IP mode file for portGmbH.I-Cube-SoM-uGOAL.1.1.0
2024-02-20 17:59:17,245 [WARN] PackLoader:240 - Cannot read IP mode file for STMicroelectronics.X-CUBE-ALS.1.0.1
2024-02-20 17:59:17,248 [WARN] PackLoader:240 - Cannot read IP mode file for STMicroelectronics.FP-ATR-ASTRA1.2.0.0
2024-02-20 17:59:17,254 [WARN] PackLoader:240 - Cannot read IP mode file for STMicroelectronics.X-CUBE-TOF1.3.4.0
2024-02-20 17:59:17,276 [WARN] PackLoader:240 - Cannot read IP mode file for STMicroelectronics.X-CUBE-AZRTOS-H7.3.2.0
2024-02-20 17:59:17,280 [INFO] ThirdParty:978 - Integrity check success = true
2024-02-20 17:59:17,280 [INFO] IntegrityCheckThread:100 - exiting critical section [integrity check]
2024-02-20 17:59:17,280 [INFO] IntegrityCheckThread:103 - End integrity checks thread
2024-02-20 17:59:28,772 [ERROR] LogOutputStream:75 - [STDERR_REDIRECT] Feb 20, 2024 5:59:28 PM java.util.prefs.FileSystemPreferences checkLockFile0ErrorCode
2024-02-20 17:59:28,772 [ERROR] LogOutputStream:75 - [STDERR_REDIRECT] WARNING: Could not lock System prefs. Unix error code 31723.
2024-02-20 17:59:28,773 [ERROR] LogOutputStream:75 - [STDERR_REDIRECT] 
2024-02-20 17:59:28,773 [ERROR] LogOutputStream:75 - [STDERR_REDIRECT] Feb 20, 2024 5:59:28 PM java.util.prefs.FileSystemPreferences syncWorld
2024-02-20 17:59:28,773 [ERROR] LogOutputStream:75 - [STDERR_REDIRECT] WARNING: Couldn't flush system prefs: java.util.prefs.BackingStoreException: Couldn't get file lock.
2024-02-20 17:59:28,773 [ERROR] LogOutputStream:75 - [STDERR_REDIRECT] 
2024-02-20 17:59:34,759 [ERROR] LogOutputStream:75 - [STDERR_REDIRECT] SLF4J: Failed to load class "org.slf4j.impl.StaticLoggerBinder".
2024-02-20 17:59:34,759 [ERROR] LogOutputStream:75 - [STDERR_REDIRECT] SLF4J: Defaulting to no-operation (NOP) logger implementation
2024-02-20 17:59:34,760 [ERROR] LogOutputStream:75 - [STDERR_REDIRECT] SLF4J: See http://www.slf4j.org/codes.html#StaticLoggerBinder for further details.
2024-02-20 17:59:58,766 [ERROR] LogOutputStream:75 - [STDERR_REDIRECT] Feb 20, 2024 5:59:58 PM java.util.prefs.FileSystemPreferences checkLockFile0ErrorCode
2024-02-20 17:59:58,766 [ERROR] LogOutputStream:75 - [STDERR_REDIRECT] WARNING: Could not lock System prefs. Unix error code 31723.
2024-02-20 17:59:58,766 [ERROR] LogOutputStream:75 - [STDERR_REDIRECT] 
2024-02-20 17:59:58,766 [ERROR] LogOutputStream:75 - [STDERR_REDIRECT] Feb 20, 2024 5:59:58 PM java.util.prefs.FileSystemPreferences syncWorld
2024-02-20 17:59:58,766 [ERROR] LogOutputStream:75 - [STDERR_REDIRECT] WARNING: Couldn't flush system prefs: java.util.prefs.BackingStoreException: Couldn't get file lock.
2024-02-20 17:59:58,767 [ERROR] LogOutputStream:75 - [STDERR_REDIRECT] 
2024-02-20 18:00:28,766 [ERROR] LogOutputStream:75 - [STDERR_REDIRECT] Feb 20, 2024 6:00:28 PM java.util.prefs.FileSystemPreferences checkLockFile0ErrorCode
2024-02-20 18:00:28,766 [ERROR] LogOutputStream:75 - [STDERR_REDIRECT] WARNING: Could not lock System prefs. Unix error code 31723.
2024-02-20 18:00:28,766 [ERROR] LogOutputStream:75 - [STDERR_REDIRECT] 
2024-02-20 18:00:28,766 [ERROR] LogOutputStream:75 - [STDERR_REDIRECT] Feb 20, 2024 6:00:28 PM java.util.prefs.FileSystemPreferences syncWorld
2024-02-20 18:00:28,766 [ERROR] LogOutputStream:75 - [STDERR_REDIRECT] WARNING: Couldn't flush system prefs: java.util.prefs.BackingStoreException: Couldn't get file lock.
2024-02-20 18:00:28,766 [ERROR] LogOutputStream:75 - [STDERR_REDIRECT] 
2024-02-20 18:01:19,455 [ERROR] LogOutputStream:75 - [STDERR_REDIRECT] Feb 20, 2024 6:01:19 PM java.util.prefs.FileSystemPreferences checkLockFile0ErrorCode
2024-02-20 18:01:19,455 [ERROR] LogOutputStream:75 - [STDERR_REDIRECT] WARNING: Could not lock System prefs. Unix error code 31723.
2024-02-20 18:01:19,455 [ERROR] LogOutputStream:75 - [STDERR_REDIRECT] 
2024-02-20 18:01:19,455 [ERROR] LogOutputStream:75 - [STDERR_REDIRECT] Feb 20, 2024 6:01:19 PM java.util.prefs.FileSystemPreferences syncWorld
2024-02-20 18:01:19,455 [ERROR] LogOutputStream:75 - [STDERR_REDIRECT] WARNING: Couldn't flush system prefs: java.util.prefs.BackingStoreException: Couldn't get file lock.
2024-02-20 18:01:19,455 [ERROR] LogOutputStream:75 - [STDERR_REDIRECT] 
2024-02-20 18:01:49,455 [ERROR] LogOutputStream:75 - [STDERR_REDIRECT] Feb 20, 2024 6:01:49 PM java.util.prefs.FileSystemPreferences checkLockFile0ErrorCode
2024-02-20 18:01:49,456 [ERROR] LogOutputStream:75 - [STDERR_REDIRECT] WARNING: Could not lock System prefs. Unix error code 31723.
2024-02-20 18:01:49,456 [ERROR] LogOutputStream:75 - [STDERR_REDIRECT] 
2024-02-20 18:01:49,456 [ERROR] LogOutputStream:75 - [STDERR_REDIRECT] Feb 20, 2024 6:01:49 PM java.util.prefs.FileSystemPreferences syncWorld
2024-02-20 18:01:49,456 [ERROR] LogOutputStream:75 - [STDERR_REDIRECT] WARNING: Couldn't flush system prefs: java.util.prefs.BackingStoreException: Couldn't get file lock.
2024-02-20 18:01:49,456 [ERROR] LogOutputStream:75 - [STDERR_REDIRECT] 
2024-02-20 18:02:19,455 [ERROR] LogOutputStream:75 - [STDERR_REDIRECT] Feb 20, 2024 6:02:19 PM java.util.prefs.FileSystemPreferences checkLockFile0ErrorCode
2024-02-20 18:02:19,456 [ERROR] LogOutputStream:75 - [STDERR_REDIRECT] WARNING: Could not lock System prefs. Unix error code 31723.
2024-02-20 18:02:19,456 [ERROR] LogOutputStream:75 - [STDERR_REDIRECT] 
2024-02-20 18:02:19,456 [ERROR] LogOutputStream:75 - [STDERR_REDIRECT] Feb 20, 2024 6:02:19 PM java.util.prefs.FileSystemPreferences syncWorld
2024-02-20 18:02:19,456 [ERROR] LogOutputStream:75 - [STDERR_REDIRECT] WARNING: Couldn't flush system prefs: java.util.prefs.BackingStoreException: Couldn't get file lock.
2024-02-20 18:02:19,456 [ERROR] LogOutputStream:75 - [STDERR_REDIRECT] 
2024-02-20 18:02:49,456 [ERROR] LogOutputStream:75 - [STDERR_REDIRECT] Feb 20, 2024 6:02:49 PM java.util.prefs.FileSystemPreferences checkLockFile0ErrorCode
2024-02-20 18:02:49,456 [ERROR] LogOutputStream:75 - [STDERR_REDIRECT] WARNING: Could not lock System prefs. Unix error code 31723.
2024-02-20 18:02:49,456 [ERROR] LogOutputStream:75 - [STDERR_REDIRECT] 
2024-02-20 18:02:49,456 [ERROR] LogOutputStream:75 - [STDERR_REDIRECT] Feb 20, 2024 6:02:49 PM java.util.prefs.FileSystemPreferences syncWorld
2024-02-20 18:02:49,456 [ERROR] LogOutputStream:75 - [STDERR_REDIRECT] WARNING: Couldn't flush system prefs: java.util.prefs.BackingStoreException: Couldn't get file lock.
2024-02-20 18:02:49,456 [ERROR] LogOutputStream:75 - [STDERR_REDIRECT] 
2024-02-20 18:03:19,458 [ERROR] LogOutputStream:75 - [STDERR_REDIRECT] Feb 20, 2024 6:03:19 PM java.util.prefs.FileSystemPreferences checkLockFile0ErrorCode
2024-02-20 18:03:19,458 [ERROR] LogOutputStream:75 - [STDERR_REDIRECT] WARNING: Could not lock System prefs. Unix error code 31723.
2024-02-20 18:03:19,458 [ERROR] LogOutputStream:75 - [STDERR_REDIRECT] 
2024-02-20 18:03:19,458 [ERROR] LogOutputStream:75 - [STDERR_REDIRECT] Feb 20, 2024 6:03:19 PM java.util.prefs.FileSystemPreferences syncWorld
2024-02-20 18:03:19,458 [ERROR] LogOutputStream:75 - [STDERR_REDIRECT] WARNING: Couldn't flush system prefs: java.util.prefs.BackingStoreException: Couldn't get file lock.
2024-02-20 18:03:19,458 [ERROR] LogOutputStream:75 - [STDERR_REDIRECT] 
2024-02-20 18:03:32,582 [ERROR] LogOutputStream:75 - [STDERR_REDIRECT] 
